<?xml version="1.0" encoding="UTF-8"?>
<coverage generated="1763914520604" clover="3.2.0">
  <project timestamp="1763914520604" name="All files">
    <metrics statements="297" coveredstatements="110" conditionals="269" coveredconditionals="90" methods="89" coveredmethods="24" elements="655" coveredelements="224" complexity="0" loc="297" ncloc="297" packages="7" files="9" classes="9"/>
    <package name="src.model">
      <metrics statements="206" coveredstatements="78" conditionals="230" coveredconditionals="81" methods="62" coveredmethods="17"/>
      <file name="Quest.js" path="C:\Users\tomas\Documents\2_Tecnicos\FoundryVtt Modulos\foundryvtt-forien-quest-log\src\model\Quest.js">
        <metrics statements="198" coveredstatements="70" conditionals="230" coveredconditionals="81" methods="62" coveredmethods="17"/>
        <line num="58" count="0" type="stmt"/>
        <line num="60" count="0" type="cond" truecount="0" falsecount="2"/>
        <line num="62" count="0" type="stmt"/>
        <line num="68" count="0" type="cond" truecount="0" falsecount="2"/>
        <line num="70" count="0" type="stmt"/>
        <line num="73" count="0" type="stmt"/>
        <line num="85" count="0" type="stmt"/>
        <line num="87" count="0" type="cond" truecount="0" falsecount="2"/>
        <line num="89" count="0" type="stmt"/>
        <line num="91" count="0" type="cond" truecount="0" falsecount="2"/>
        <line num="93" count="0" type="cond" truecount="0" falsecount="3"/>
        <line num="97" count="0" type="stmt"/>
        <line num="98" count="0" type="stmt"/>
        <line num="100" count="0" type="cond" truecount="0" falsecount="2"/>
        <line num="102" count="0" type="stmt"/>
        <line num="108" count="0" type="stmt"/>
        <line num="112" count="0" type="stmt"/>
        <line num="118" count="0" type="stmt"/>
        <line num="121" count="0" type="stmt"/>
        <line num="127" count="0" type="stmt"/>
        <line num="132" count="0" type="stmt"/>
        <line num="142" count="7" type="cond" truecount="1" falsecount="1"/>
        <line num="144" count="7" type="stmt"/>
        <line num="146" count="7" type="stmt"/>
        <line num="148" count="7" type="cond" truecount="3" falsecount="1"/>
        <line num="150" count="7" type="stmt"/>
        <line num="159" count="0" type="cond" truecount="0" falsecount="2"/>
        <line num="161" count="0" type="cond" truecount="0" falsecount="2"/>
        <line num="169" count="2" type="stmt"/>
        <line num="179" count="1" type="stmt"/>
        <line num="189" count="0" type="stmt"/>
        <line num="199" count="0" type="stmt"/>
        <line num="207" count="0" type="stmt"/>
        <line num="217" count="0" type="stmt"/>
        <line num="219" count="0" type="cond" truecount="0" falsecount="4"/>
        <line num="221" count="0" type="cond" truecount="0" falsecount="2"/>
        <line num="223" count="0" type="stmt"/>
        <line num="225" count="0" type="cond" truecount="0" falsecount="2"/>
        <line num="227" count="0" type="stmt"/>
        <line num="229" count="0" type="cond" truecount="0" falsecount="4"/>
        <line num="231" count="0" type="cond" truecount="0" falsecount="2"/>
        <line num="233" count="0" type="stmt"/>
        <line num="234" count="0" type="stmt"/>
        <line num="239" count="0" type="stmt"/>
        <line num="247" count="0" type="stmt"/>
        <line num="258" count="0" type="cond" truecount="0" falsecount="2"/>
        <line num="260" count="0" type="stmt"/>
        <line num="263" count="0" type="cond" truecount="0" falsecount="4"/>
        <line num="266" count="0" type="cond" truecount="0" falsecount="2"/>
        <line num="276" count="0" type="cond" truecount="0" falsecount="3"/>
        <line num="288" count="0" type="stmt"/>
        <line num="290" count="0" type="cond" truecount="0" falsecount="5"/>
        <line num="293" count="0" type="stmt"/>
        <line num="295" count="0" type="cond" truecount="0" falsecount="2"/>
        <line num="297" count="0" type="stmt"/>
        <line num="299" count="0" type="cond" truecount="0" falsecount="4"/>
        <line num="301" count="0" type="cond" truecount="0" falsecount="2"/>
        <line num="303" count="0" type="stmt"/>
        <line num="304" count="0" type="stmt"/>
        <line num="308" count="0" type="stmt"/>
        <line num="318" count="0" type="stmt"/>
        <line num="328" count="0" type="stmt"/>
        <line num="338" count="8" type="cond" truecount="3" falsecount="1"/>
        <line num="349" count="1" type="stmt"/>
        <line num="350" count="1" type="cond" truecount="1" falsecount="1"/>
        <line num="360" count="1" type="cond" truecount="1" falsecount="1"/>
        <line num="362" count="1" type="stmt"/>
        <line num="373" count="2" type="stmt"/>
        <line num="374" count="2" type="cond" truecount="3" falsecount="1"/>
        <line num="384" count="0" type="cond" truecount="0" falsecount="2"/>
        <line num="396" count="0" type="stmt"/>
        <line num="397" count="0" type="cond" truecount="0" falsecount="2"/>
        <line num="407" count="0" type="cond" truecount="0" falsecount="2"/>
        <line num="409" count="0" type="stmt"/>
        <line num="411" count="0" type="cond" truecount="0" falsecount="4"/>
        <line num="413" count="0" type="stmt"/>
        <line num="415" count="0" type="cond" truecount="0" falsecount="2"/>
        <line num="417" count="0" type="stmt"/>
        <line num="419" count="0" type="cond" truecount="0" falsecount="4"/>
        <line num="421" count="0" type="cond" truecount="0" falsecount="2"/>
        <line num="423" count="0" type="stmt"/>
        <line num="427" count="0" type="stmt"/>
        <line num="435" count="0" type="stmt"/>
        <line num="446" count="0" type="stmt"/>
        <line num="447" count="0" type="cond" truecount="0" falsecount="2"/>
        <line num="457" count="7" type="cond" truecount="2" falsecount="0"/>
        <line num="462" count="7" type="cond" truecount="2" falsecount="0"/>
        <line num="467" count="7" type="cond" truecount="2" falsecount="0"/>
        <line num="472" count="7" type="cond" truecount="2" falsecount="0"/>
        <line num="477" count="7" type="cond" truecount="2" falsecount="0"/>
        <line num="482" count="7" type="cond" truecount="2" falsecount="0"/>
        <line num="487" count="7" type="cond" truecount="2" falsecount="0"/>
        <line num="492" count="7" type="cond" truecount="2" falsecount="0"/>
        <line num="497" count="7" type="cond" truecount="2" falsecount="0"/>
        <line num="502" count="7" type="cond" truecount="2" falsecount="0"/>
        <line num="507" count="7" type="cond" truecount="1" falsecount="1"/>
        <line num="512" count="7" type="cond" truecount="2" falsecount="0"/>
        <line num="517" count="7" type="cond" truecount="2" falsecount="0"/>
        <line num="522" count="7" type="cond" truecount="2" falsecount="0"/>
        <line num="527" count="7" type="cond" truecount="2" falsecount="0"/>
        <line num="532" count="7" type="cond" truecount="2" falsecount="0"/>
        <line num="537" count="7" type="cond" truecount="2" falsecount="0"/>
        <line num="542" count="7" type="cond" truecount="1" falsecount="1"/>
        <line num="547" count="7" type="cond" truecount="1" falsecount="1"/>
        <line num="550" count="7" type="cond" truecount="1" falsecount="1"/>
        <line num="552" count="7" type="cond" truecount="1" falsecount="1"/>
        <line num="559" count="0" type="stmt"/>
        <line num="567" count="7" type="stmt"/>
        <line num="571" count="7" type="cond" truecount="3" falsecount="3"/>
        <line num="574" count="0" type="stmt"/>
        <line num="575" count="0" type="stmt"/>
        <line num="576" count="0" type="stmt"/>
        <line num="580" count="0" type="stmt"/>
        <line num="581" count="0" type="stmt"/>
        <line num="582" count="0" type="stmt"/>
        <line num="587" count="7" type="stmt"/>
        <line num="588" count="7" type="stmt"/>
        <line num="589" count="7" type="stmt"/>
        <line num="601" count="1" type="stmt"/>
        <line num="602" count="1" type="cond" truecount="1" falsecount="1"/>
        <line num="612" count="1" type="stmt"/>
        <line num="624" count="0" type="stmt"/>
        <line num="625" count="0" type="cond" truecount="0" falsecount="2"/>
        <line num="633" count="0" type="stmt"/>
        <line num="634" count="0" type="stmt"/>
        <line num="635" count="0" type="stmt"/>
        <line num="636" count="0" type="stmt"/>
        <line num="647" count="0" type="cond" truecount="0" falsecount="2"/>
        <line num="650" count="0" type="cond" truecount="0" falsecount="4"/>
        <line num="653" count="0" type="stmt"/>
        <line num="661" count="0" type="stmt"/>
        <line num="663" count="0" type="stmt"/>
        <line num="671" count="0" type="stmt"/>
        <line num="682" count="1" type="cond" truecount="3" falsecount="1"/>
        <line num="684" count="1" type="stmt"/>
        <line num="687" count="1" type="cond" truecount="2" falsecount="4"/>
        <line num="690" count="0" type="stmt"/>
        <line num="691" count="0" type="stmt"/>
        <line num="692" count="0" type="stmt"/>
        <line num="696" count="1" type="stmt"/>
        <line num="697" count="1" type="stmt"/>
        <line num="702" count="0" type="stmt"/>
        <line num="703" count="0" type="stmt"/>
        <line num="704" count="0" type="stmt"/>
        <line num="708" count="1" type="cond" truecount="1" falsecount="1"/>
        <line num="710" count="1" type="stmt"/>
        <line num="711" count="1" type="cond" truecount="1" falsecount="1"/>
        <line num="713" count="0" type="stmt"/>
        <line num="717" count="1" type="stmt"/>
        <line num="723" count="1" type="stmt"/>
        <line num="735" count="0" type="stmt"/>
        <line num="736" count="0" type="stmt"/>
        <line num="738" count="0" type="cond" truecount="0" falsecount="4"/>
        <line num="740" count="0" type="stmt"/>
        <line num="741" count="0" type="stmt"/>
        <line num="755" count="0" type="cond" truecount="0" falsecount="2"/>
        <line num="757" count="0" type="stmt"/>
        <line num="758" count="0" type="stmt"/>
        <line num="760" count="0" type="cond" truecount="0" falsecount="4"/>
        <line num="762" count="0" type="stmt"/>
        <line num="763" count="0" type="stmt"/>
        <line num="772" count="2" type="stmt"/>
        <line num="801" count="0" type="cond" truecount="0" falsecount="2"/>
        <line num="813" count="0" type="stmt"/>
        <line num="823" count="0" type="stmt"/>
        <line num="833" count="0" type="stmt"/>
        <line num="835" count="0" type="cond" truecount="0" falsecount="2"/>
        <line num="855" count="1" type="cond" truecount="1" falsecount="1"/>
        <line num="860" count="1" type="cond" truecount="1" falsecount="1"/>
        <line num="865" count="1" type="cond" truecount="1" falsecount="1"/>
        <line num="870" count="1" type="cond" truecount="1" falsecount="1"/>
        <line num="875" count="1" type="cond" truecount="2" falsecount="0"/>
        <line num="883" count="0" type="stmt"/>
        <line num="890" count="0" type="stmt"/>
        <line num="899" count="0" type="stmt"/>
        <line num="915" count="0" type="stmt"/>
        <line num="916" count="0" type="stmt"/>
        <line num="926" count="0" type="stmt"/>
        <line num="927" count="0" type="stmt"/>
        <line num="944" count="2" type="cond" truecount="1" falsecount="1"/>
        <line num="949" count="2" type="cond" truecount="2" falsecount="0"/>
        <line num="954" count="2" type="cond" truecount="2" falsecount="0"/>
        <line num="959" count="2" type="cond" truecount="2" falsecount="0"/>
        <line num="964" count="2" type="cond" truecount="2" falsecount="0"/>
        <line num="974" count="0" type="cond" truecount="0" falsecount="2"/>
        <line num="976" count="0" type="stmt"/>
        <line num="978" count="0" type="cond" truecount="0" falsecount="2"/>
        <line num="980" count="0" type="stmt"/>
        <line num="982" count="0" type="stmt"/>
        <line num="992" count="0" type="stmt"/>
        <line num="1007" count="3" type="cond" truecount="4" falsecount="0"/>
        <line num="1009" count="1" type="stmt"/>
        <line num="1011" count="2" type="cond" truecount="2" falsecount="0"/>
        <line num="1013" count="1" type="stmt"/>
        <line num="1014" count="1" type="stmt"/>
        <line num="1018" count="1" type="stmt"/>
        <line num="1029" count="0" type="stmt"/>
        <line num="1031" count="0" type="stmt"/>
      </file>
      <file name="constants.js" path="C:\Users\tomas\Documents\2_Tecnicos\FoundryVtt Modulos\foundryvtt-forien-quest-log\src\model\constants.js">
        <metrics statements="8" coveredstatements="8" conditionals="0" coveredconditionals="0" methods="0" coveredmethods="0"/>
        <line num="6" count="1" type="stmt"/>
        <line num="17" count="1" type="stmt"/>
        <line num="34" count="1" type="stmt"/>
        <line num="47" count="1" type="stmt"/>
        <line num="61" count="1" type="stmt"/>
        <line num="74" count="1" type="stmt"/>
        <line num="84" count="1" type="stmt"/>
        <line num="108" count="1" type="stmt"/>
      </file>
    </package>
    <package name="src.view.internal">
      <metrics statements="21" coveredstatements="4" conditionals="16" coveredconditionals="0" methods="6" coveredmethods="0"/>
      <file name="context-options.js" path="C:\Users\tomas\Documents\2_Tecnicos\FoundryVtt Modulos\foundryvtt-forien-quest-log\src\view\internal\context-options.js">
        <metrics statements="21" coveredstatements="4" conditionals="16" coveredconditionals="0" methods="6" coveredmethods="0"/>
        <line num="12" count="0" type="cond" truecount="0" falsecount="2"/>
        <line num="14" count="0" type="stmt"/>
        <line num="17" count="0" type="cond" truecount="0" falsecount="2"/>
        <line num="19" count="0" type="stmt"/>
        <line num="23" count="0" type="stmt"/>
        <line num="26" count="0" type="cond" truecount="0" falsecount="2"/>
        <line num="29" count="1" type="stmt"/>
        <line num="34" count="0" type="stmt"/>
        <line num="36" count="0" type="cond" truecount="0" falsecount="4"/>
        <line num="38" count="0" type="stmt"/>
        <line num="43" count="1" type="stmt"/>
        <line num="48" count="0" type="stmt"/>
        <line num="50" count="0" type="cond" truecount="0" falsecount="4"/>
        <line num="52" count="0" type="stmt"/>
        <line num="57" count="1" type="stmt"/>
        <line num="62" count="0" type="stmt"/>
        <line num="63" count="0" type="cond" truecount="0" falsecount="2"/>
        <line num="67" count="1" type="stmt"/>
        <line num="70" count="0" type="stmt"/>
        <line num="73" count="0" type="stmt"/>
        <line num="74" count="0" type="stmt"/>
      </file>
    </package>
    <package name="src.view.log">
      <metrics statements="58" coveredstatements="18" conditionals="23" coveredconditionals="9" methods="15" coveredmethods="5"/>
      <file name="QuestLog.js" path="C:\Users\tomas\Documents\2_Tecnicos\FoundryVtt Modulos\foundryvtt-forien-quest-log\src\view\log\QuestLog.js">
        <metrics statements="58" coveredstatements="18" conditionals="23" coveredconditionals="9" methods="15" coveredmethods="5"/>
        <line num="19" count="1" type="stmt"/>
        <line num="28" count="4" type="stmt"/>
        <line num="30" count="4" type="stmt"/>
        <line num="31" count="4" type="stmt"/>
        <line num="35" count="1" type="stmt"/>
        <line num="47" count="0" type="stmt"/>
        <line num="68" count="1" type="stmt"/>
        <line num="78" count="0" type="stmt"/>
        <line num="80" count="0" type="stmt"/>
        <line num="83" count="0" type="stmt"/>
        <line num="85" count="0" type="stmt"/>
        <line num="103" count="4" type="stmt"/>
        <line num="104" count="4" type="stmt"/>
        <line num="106" count="4" type="stmt"/>
        <line num="108" count="8" type="stmt"/>
        <line num="111" count="8" type="cond" truecount="2" falsecount="0"/>
        <line num="113" count="3" type="stmt"/>
        <line num="119" count="8" type="cond" truecount="2" falsecount="0"/>
        <line num="121" count="3" type="stmt"/>
        <line num="123" count="6" type="cond" truecount="2" falsecount="0"/>
        <line num="125" count="3" type="cond" truecount="2" falsecount="2"/>
        <line num="129" count="8" type="stmt"/>
        <line num="131" count="4" type="stmt"/>
        <line num="137" count="0" type="stmt"/>
        <line num="141" count="0" type="stmt"/>
        <line num="143" count="0" type="stmt"/>
        <line num="144" count="0" type="stmt"/>
        <line num="145" count="0" type="stmt"/>
        <line num="146" count="0" type="stmt"/>
        <line num="150" count="0" type="stmt"/>
        <line num="158" count="0" type="stmt"/>
        <line num="160" count="0" type="stmt"/>
        <line num="165" count="0" type="stmt"/>
        <line num="170" count="0" type="cond" truecount="0" falsecount="2"/>
        <line num="172" count="0" type="stmt"/>
        <line num="177" count="0" type="stmt"/>
        <line num="180" count="0" type="stmt"/>
        <line num="181" count="0" type="stmt"/>
        <line num="188" count="0" type="cond" truecount="0" falsecount="2"/>
        <line num="190" count="0" type="stmt"/>
        <line num="191" count="0" type="stmt"/>
        <line num="197" count="0" type="stmt"/>
        <line num="198" count="0" type="stmt"/>
        <line num="200" count="0" type="stmt"/>
        <line num="201" count="0" type="cond" truecount="0" falsecount="2"/>
        <line num="203" count="0" type="stmt"/>
        <line num="209" count="0" type="stmt"/>
        <line num="210" count="0" type="cond" truecount="0" falsecount="2"/>
        <line num="215" count="0" type="stmt"/>
        <line num="216" count="0" type="stmt"/>
        <line num="218" count="0" type="stmt"/>
        <line num="219" count="0" type="cond" truecount="0" falsecount="2"/>
        <line num="226" count="0" type="cond" truecount="0" falsecount="2"/>
        <line num="227" count="0" type="stmt"/>
        <line num="232" count="0" type="stmt"/>
        <line num="233" count="0" type="stmt"/>
        <line num="238" count="0" type="stmt"/>
        <line num="239" count="0" type="stmt"/>
      </file>
    </package>
    <package name="tests.mocks.control">
      <metrics statements="6" coveredstatements="5" conditionals="0" coveredconditionals="0" methods="2" coveredmethods="1"/>
      <file name="index.js" path="C:\Users\tomas\Documents\2_Tecnicos\FoundryVtt Modulos\foundryvtt-forien-quest-log\tests\mocks\control\index.js">
        <metrics statements="6" coveredstatements="5" conditionals="0" coveredconditionals="0" methods="2" coveredmethods="1"/>
        <line num="3" count="2" type="stmt"/>
        <line num="7" count="2" type="stmt"/>
        <line num="10" count="2" type="stmt"/>
        <line num="11" count="3" type="stmt"/>
        <line num="12" count="0" type="stmt"/>
        <line num="14" count="2" type="stmt"/>
      </file>
    </package>
    <package name="tests.mocks.model">
      <metrics statements="4" coveredstatements="4" conditionals="0" coveredconditionals="0" methods="0" coveredmethods="0"/>
      <file name="constants.js" path="C:\Users\tomas\Documents\2_Tecnicos\FoundryVtt Modulos\foundryvtt-forien-quest-log\tests\mocks\model\constants.js">
        <metrics statements="4" coveredstatements="4" conditionals="0" coveredconditionals="0" methods="0" coveredmethods="0"/>
        <line num="1" count="2" type="stmt"/>
        <line num="2" count="2" type="stmt"/>
        <line num="3" count="2" type="stmt"/>
        <line num="4" count="2" type="stmt"/>
      </file>
    </package>
    <package name="tests.mocks.view">
      <metrics statements="1" coveredstatements="1" conditionals="0" coveredconditionals="0" methods="2" coveredmethods="1"/>
      <file name="HandlerLog.js" path="C:\Users\tomas\Documents\2_Tecnicos\FoundryVtt Modulos\foundryvtt-forien-quest-log\tests\mocks\view\HandlerLog.js">
        <metrics statements="1" coveredstatements="1" conditionals="0" coveredconditionals="0" methods="1" coveredmethods="0"/>
        <line num="1" count="1" type="stmt"/>
      </file>
      <file name="index.js" path="C:\Users\tomas\Documents\2_Tecnicos\FoundryVtt Modulos\foundryvtt-forien-quest-log\tests\mocks\view\index.js">
        <metrics statements="0" coveredstatements="0" conditionals="0" coveredconditionals="0" methods="1" coveredmethods="1"/>
      </file>
    </package>
    <package name="tests.mocks.view.internal">
      <metrics statements="1" coveredstatements="0" conditionals="0" coveredconditionals="0" methods="2" coveredmethods="0"/>
      <file name="index.js" path="C:\Users\tomas\Documents\2_Tecnicos\FoundryVtt Modulos\foundryvtt-forien-quest-log\tests\mocks\view\internal\index.js">
        <metrics statements="1" coveredstatements="0" conditionals="0" coveredconditionals="0" methods="2" coveredmethods="0"/>
        <line num="5" count="0" type="stmt"/>
      </file>
    </package>
  </project>
</coverage>
