{"C:\\Users\\tomas\\Documents\\2_Tecnicos\\FoundryVtt Modulos\\foundryvtt-forien-quest-log\\src\\model\\Quest.js": {"path":"C:\\Users\\tomas\\Documents\\2_Tecnicos\\FoundryVtt Modulos\\foundryvtt-forien-quest-log\\src\\model\\Quest.js","statementMap":{"0":{"start":{"line":58,"column":17},"end":{"line":58,"column":21}},"1":{"start":{"line":60,"column":6},"end":{"line":71,"column":7}},"2":{"start":{"line":62,"column":9},"end":{"line":66,"column":11}},"3":{"start":{"line":68,"column":11},"end":{"line":71,"column":7}},"4":{"start":{"line":70,"column":9},"end":{"line":70,"column":62}},"5":{"start":{"line":73,"column":6},"end":{"line":73,"column":18}},"6":{"start":{"line":85,"column":17},"end":{"line":85,"column":21}},"7":{"start":{"line":87,"column":6},"end":{"line":130,"column":7}},"8":{"start":{"line":89,"column":26},"end":{"line":89,"column":46}},"9":{"start":{"line":91,"column":9},"end":{"line":129,"column":10}},"10":{"start":{"line":93,"column":12},"end":{"line":128,"column":13}},"11":{"start":{"line":97,"column":37},"end":{"line":97,"column":49}},"12":{"start":{"line":98,"column":37},"end":{"line":98,"column":66}},"13":{"start":{"line":100,"column":38},"end":{"line":100,"column":97}},"14":{"start":{"line":102,"column":18},"end":{"line":107,"column":20}},"15":{"start":{"line":108,"column":18},"end":{"line":108,"column":24}},"16":{"start":{"line":112,"column":18},"end":{"line":117,"column":20}},"17":{"start":{"line":118,"column":18},"end":{"line":118,"column":24}},"18":{"start":{"line":121,"column":18},"end":{"line":126,"column":20}},"19":{"start":{"line":127,"column":18},"end":{"line":127,"column":24}},"20":{"start":{"line":132,"column":6},"end":{"line":132,"column":18}},"21":{"start":{"line":142,"column":6},"end":{"line":142,"column":50}},"22":{"start":{"line":144,"column":6},"end":{"line":144,"column":26}},"23":{"start":{"line":146,"column":6},"end":{"line":146,"column":26}},"24":{"start":{"line":148,"column":6},"end":{"line":151,"column":7}},"25":{"start":{"line":150,"column":9},"end":{"line":150,"column":61}},"26":{"start":{"line":159,"column":20},"end":{"line":159,"column":72}},"27":{"start":{"line":161,"column":6},"end":{"line":161,"column":66}},"28":{"start":{"line":169,"column":6},"end":{"line":169,"column":25}},"29":{"start":{"line":179,"column":6},"end":{"line":179,"column":22}},"30":{"start":{"line":189,"column":6},"end":{"line":189,"column":26}},"31":{"start":{"line":199,"column":6},"end":{"line":199,"column":20}},"32":{"start":{"line":207,"column":6},"end":{"line":207,"column":48}},"33":{"start":{"line":217,"column":21},"end":{"line":217,"column":25}},"34":{"start":{"line":219,"column":6},"end":{"line":237,"column":7}},"35":{"start":{"line":221,"column":9},"end":{"line":221,"column":116}},"36":{"start":{"line":221,"column":101},"end":{"line":221,"column":114}},"37":{"start":{"line":223,"column":9},"end":{"line":236,"column":10}},"38":{"start":{"line":225,"column":12},"end":{"line":225,"column":51}},"39":{"start":{"line":225,"column":40},"end":{"line":225,"column":49}},"40":{"start":{"line":227,"column":25},"end":{"line":227,"column":47}},"41":{"start":{"line":229,"column":12},"end":{"line":229,"column":49}},"42":{"start":{"line":229,"column":38},"end":{"line":229,"column":47}},"43":{"start":{"line":231,"column":12},"end":{"line":235,"column":13}},"44":{"start":{"line":233,"column":15},"end":{"line":233,"column":32}},"45":{"start":{"line":234,"column":15},"end":{"line":234,"column":21}},"46":{"start":{"line":239,"column":6},"end":{"line":239,"column":22}},"47":{"start":{"line":247,"column":6},"end":{"line":247,"column":50}},"48":{"start":{"line":258,"column":6},"end":{"line":258,"column":42}},"49":{"start":{"line":258,"column":28},"end":{"line":258,"column":40}},"50":{"start":{"line":260,"column":25},"end":{"line":260,"column":40}},"51":{"start":{"line":263,"column":6},"end":{"line":263,"column":77}},"52":{"start":{"line":263,"column":55},"end":{"line":263,"column":75}},"53":{"start":{"line":266,"column":6},"end":{"line":266,"column":111}},"54":{"start":{"line":276,"column":6},"end":{"line":277,"column":103}},"55":{"start":{"line":288,"column":23},"end":{"line":288,"column":28}},"56":{"start":{"line":290,"column":6},"end":{"line":306,"column":7}},"57":{"start":{"line":293,"column":9},"end":{"line":305,"column":10}},"58":{"start":{"line":295,"column":12},"end":{"line":295,"column":51}},"59":{"start":{"line":295,"column":40},"end":{"line":295,"column":49}},"60":{"start":{"line":297,"column":25},"end":{"line":297,"column":47}},"61":{"start":{"line":299,"column":12},"end":{"line":299,"column":49}},"62":{"start":{"line":299,"column":38},"end":{"line":299,"column":47}},"63":{"start":{"line":301,"column":12},"end":{"line":301,"column":84}},"64":{"start":{"line":301,"column":73},"end":{"line":301,"column":82}},"65":{"start":{"line":303,"column":12},"end":{"line":303,"column":30}},"66":{"start":{"line":304,"column":12},"end":{"line":304,"column":18}},"67":{"start":{"line":308,"column":6},"end":{"line":308,"column":24}},"68":{"start":{"line":318,"column":6},"end":{"line":318,"column":89}},"69":{"start":{"line":328,"column":6},"end":{"line":328,"column":24}},"70":{"start":{"line":338,"column":6},"end":{"line":339,"column":72}},"71":{"start":{"line":349,"column":21},"end":{"line":349,"column":37}},"72":{"start":{"line":350,"column":6},"end":{"line":350,"column":62}},"73":{"start":{"line":350,"column":34},"end":{"line":350,"column":60}},"74":{"start":{"line":360,"column":6},"end":{"line":363,"column":7}},"75":{"start":{"line":362,"column":9},"end":{"line":362,"column":38}},"76":{"start":{"line":373,"column":19},"end":{"line":373,"column":33}},"77":{"start":{"line":374,"column":6},"end":{"line":374,"column":67}},"78":{"start":{"line":374,"column":43},"end":{"line":374,"column":65}},"79":{"start":{"line":384,"column":6},"end":{"line":384,"column":100}},"80":{"start":{"line":396,"column":20},"end":{"line":396,"column":70}},"81":{"start":{"line":396,"column":50},"end":{"line":396,"column":69}},"82":{"start":{"line":397,"column":6},"end":{"line":397,"column":53}},"83":{"start":{"line":407,"column":6},"end":{"line":407,"column":42}},"84":{"start":{"line":407,"column":30},"end":{"line":407,"column":40}},"85":{"start":{"line":409,"column":20},"end":{"line":409,"column":22}},"86":{"start":{"line":411,"column":6},"end":{"line":425,"column":7}},"87":{"start":{"line":413,"column":9},"end":{"line":424,"column":10}},"88":{"start":{"line":415,"column":12},"end":{"line":415,"column":51}},"89":{"start":{"line":415,"column":40},"end":{"line":415,"column":49}},"90":{"start":{"line":417,"column":25},"end":{"line":417,"column":47}},"91":{"start":{"line":419,"column":12},"end":{"line":419,"column":49}},"92":{"start":{"line":419,"column":38},"end":{"line":419,"column":47}},"93":{"start":{"line":421,"column":12},"end":{"line":421,"column":84}},"94":{"start":{"line":421,"column":73},"end":{"line":421,"column":82}},"95":{"start":{"line":423,"column":12},"end":{"line":423,"column":29}},"96":{"start":{"line":427,"column":6},"end":{"line":427,"column":19}},"97":{"start":{"line":435,"column":23},"end":{"line":435,"column":48}},"98":{"start":{"line":446,"column":20},"end":{"line":446,"column":68}},"99":{"start":{"line":446,"column":48},"end":{"line":446,"column":67}},"100":{"start":{"line":447,"column":6},"end":{"line":447,"column":51}},"101":{"start":{"line":457,"column":6},"end":{"line":457,"column":96}},"102":{"start":{"line":462,"column":6},"end":{"line":462,"column":56}},"103":{"start":{"line":467,"column":6},"end":{"line":467,"column":38}},"104":{"start":{"line":472,"column":6},"end":{"line":472,"column":46}},"105":{"start":{"line":477,"column":6},"end":{"line":477,"column":48}},"106":{"start":{"line":482,"column":6},"end":{"line":482,"column":40}},"107":{"start":{"line":487,"column":6},"end":{"line":487,"column":41}},"108":{"start":{"line":492,"column":6},"end":{"line":492,"column":49}},"109":{"start":{"line":497,"column":6},"end":{"line":497,"column":38}},"110":{"start":{"line":502,"column":6},"end":{"line":502,"column":50}},"111":{"start":{"line":507,"column":6},"end":{"line":507,"column":93}},"112":{"start":{"line":512,"column":6},"end":{"line":512,"column":44}},"113":{"start":{"line":517,"column":6},"end":{"line":517,"column":48}},"114":{"start":{"line":522,"column":6},"end":{"line":522,"column":41}},"115":{"start":{"line":527,"column":6},"end":{"line":527,"column":36}},"116":{"start":{"line":532,"column":6},"end":{"line":532,"column":40}},"117":{"start":{"line":537,"column":6},"end":{"line":537,"column":44}},"118":{"start":{"line":542,"column":6},"end":{"line":542,"column":93}},"119":{"start":{"line":542,"column":72},"end":{"line":542,"column":86}},"120":{"start":{"line":547,"column":6},"end":{"line":547,"column":105}},"121":{"start":{"line":547,"column":80},"end":{"line":547,"column":98}},"122":{"start":{"line":550,"column":6},"end":{"line":550,"column":76}},"123":{"start":{"line":550,"column":39},"end":{"line":550,"column":74}},"124":{"start":{"line":552,"column":6},"end":{"line":591,"column":7}},"125":{"start":{"line":559,"column":9},"end":{"line":563,"column":11}},"126":{"start":{"line":567,"column":9},"end":{"line":569,"column":11}},"127":{"start":{"line":571,"column":9},"end":{"line":590,"column":10}},"128":{"start":{"line":574,"column":15},"end":{"line":574,"column":44}},"129":{"start":{"line":575,"column":15},"end":{"line":575,"column":36}},"130":{"start":{"line":576,"column":15},"end":{"line":576,"column":21}},"131":{"start":{"line":580,"column":15},"end":{"line":580,"column":44}},"132":{"start":{"line":581,"column":15},"end":{"line":581,"column":42}},"133":{"start":{"line":582,"column":15},"end":{"line":582,"column":21}},"134":{"start":{"line":587,"column":15},"end":{"line":587,"column":38}},"135":{"start":{"line":588,"column":15},"end":{"line":588,"column":36}},"136":{"start":{"line":589,"column":15},"end":{"line":589,"column":21}},"137":{"start":{"line":601,"column":20},"end":{"line":601,"column":70}},"138":{"start":{"line":601,"column":50},"end":{"line":601,"column":69}},"139":{"start":{"line":602,"column":6},"end":{"line":602,"column":56}},"140":{"start":{"line":602,"column":24},"end":{"line":602,"column":54}},"141":{"start":{"line":612,"column":6},"end":{"line":612,"column":69}},"142":{"start":{"line":612,"column":53},"end":{"line":612,"column":67}},"143":{"start":{"line":624,"column":20},"end":{"line":624,"column":68}},"144":{"start":{"line":624,"column":48},"end":{"line":624,"column":67}},"145":{"start":{"line":625,"column":6},"end":{"line":625,"column":54}},"146":{"start":{"line":625,"column":24},"end":{"line":625,"column":52}},"147":{"start":{"line":633,"column":6},"end":{"line":633,"column":24}},"148":{"start":{"line":634,"column":6},"end":{"line":634,"column":27}},"149":{"start":{"line":635,"column":6},"end":{"line":635,"column":28}},"150":{"start":{"line":636,"column":6},"end":{"line":636,"column":31}},"151":{"start":{"line":647,"column":20},"end":{"line":647,"column":72}},"152":{"start":{"line":650,"column":6},"end":{"line":650,"column":52}},"153":{"start":{"line":650,"column":43},"end":{"line":650,"column":50}},"154":{"start":{"line":653,"column":21},"end":{"line":659,"column":7}},"155":{"start":{"line":661,"column":6},"end":{"line":661,"column":63}},"156":{"start":{"line":663,"column":6},"end":{"line":663,"column":22}},"157":{"start":{"line":671,"column":36},"end":{"line":671,"column":70}},"158":{"start":{"line":682,"column":6},"end":{"line":682,"column":58}},"159":{"start":{"line":682,"column":49},"end":{"line":682,"column":56}},"160":{"start":{"line":684,"column":6},"end":{"line":684,"column":27}},"161":{"start":{"line":687,"column":6},"end":{"line":705,"column":7}},"162":{"start":{"line":690,"column":12},"end":{"line":690,"column":41}},"163":{"start":{"line":691,"column":12},"end":{"line":691,"column":33}},"164":{"start":{"line":692,"column":12},"end":{"line":692,"column":18}},"165":{"start":{"line":696,"column":12},"end":{"line":696,"column":39}},"166":{"start":{"line":697,"column":12},"end":{"line":697,"column":18}},"167":{"start":{"line":702,"column":12},"end":{"line":702,"column":35}},"168":{"start":{"line":703,"column":12},"end":{"line":703,"column":33}},"169":{"start":{"line":704,"column":12},"end":{"line":704,"column":18}},"170":{"start":{"line":708,"column":6},"end":{"line":715,"column":7}},"171":{"start":{"line":710,"column":32},"end":{"line":710,"column":94}},"172":{"start":{"line":711,"column":9},"end":{"line":714,"column":10}},"173":{"start":{"line":713,"column":12},"end":{"line":713,"column":85}},"174":{"start":{"line":717,"column":6},"end":{"line":721,"column":9}},"175":{"start":{"line":723,"column":6},"end":{"line":723,"column":22}},"176":{"start":{"line":735,"column":20},"end":{"line":735,"column":76}},"177":{"start":{"line":735,"column":50},"end":{"line":735,"column":75}},"178":{"start":{"line":736,"column":24},"end":{"line":736,"column":80}},"179":{"start":{"line":736,"column":54},"end":{"line":736,"column":79}},"180":{"start":{"line":738,"column":6},"end":{"line":742,"column":7}},"181":{"start":{"line":740,"column":23},"end":{"line":740,"column":55}},"182":{"start":{"line":741,"column":9},"end":{"line":741,"column":50}},"183":{"start":{"line":755,"column":6},"end":{"line":755,"column":36}},"184":{"start":{"line":755,"column":27},"end":{"line":755,"column":34}},"185":{"start":{"line":757,"column":20},"end":{"line":757,"column":74}},"186":{"start":{"line":757,"column":48},"end":{"line":757,"column":73}},"187":{"start":{"line":758,"column":24},"end":{"line":758,"column":78}},"188":{"start":{"line":758,"column":52},"end":{"line":758,"column":77}},"189":{"start":{"line":760,"column":6},"end":{"line":764,"column":7}},"190":{"start":{"line":762,"column":23},"end":{"line":762,"column":53}},"191":{"start":{"line":763,"column":9},"end":{"line":763,"column":48}},"192":{"start":{"line":772,"column":6},"end":{"line":793,"column":8}},"193":{"start":{"line":801,"column":6},"end":{"line":801,"column":62}},"194":{"start":{"line":813,"column":6},"end":{"line":813,"column":21}},"195":{"start":{"line":823,"column":6},"end":{"line":823,"column":21}},"196":{"start":{"line":833,"column":25},"end":{"line":833,"column":42}},"197":{"start":{"line":835,"column":6},"end":{"line":835,"column":56}},"198":{"start":{"line":855,"column":6},"end":{"line":855,"column":36}},"199":{"start":{"line":860,"column":6},"end":{"line":860,"column":34}},"200":{"start":{"line":865,"column":6},"end":{"line":865,"column":75}},"201":{"start":{"line":870,"column":6},"end":{"line":870,"column":74}},"202":{"start":{"line":875,"column":6},"end":{"line":875,"column":50}},"203":{"start":{"line":883,"column":16},"end":{"line":883,"column":38}},"204":{"start":{"line":890,"column":16},"end":{"line":890,"column":38}},"205":{"start":{"line":899,"column":6},"end":{"line":905,"column":10}},"206":{"start":{"line":915,"column":6},"end":{"line":915,"column":33}},"207":{"start":{"line":916,"column":6},"end":{"line":916,"column":25}},"208":{"start":{"line":926,"column":6},"end":{"line":926,"column":33}},"209":{"start":{"line":927,"column":6},"end":{"line":927,"column":25}},"210":{"start":{"line":944,"column":6},"end":{"line":944,"column":36}},"211":{"start":{"line":949,"column":6},"end":{"line":949,"column":47}},"212":{"start":{"line":954,"column":6},"end":{"line":954,"column":41}},"213":{"start":{"line":959,"column":6},"end":{"line":959,"column":41}},"214":{"start":{"line":964,"column":6},"end":{"line":964,"column":50}},"215":{"start":{"line":974,"column":6},"end":{"line":981,"column":7}},"216":{"start":{"line":976,"column":9},"end":{"line":976,"column":31}},"217":{"start":{"line":978,"column":11},"end":{"line":981,"column":7}},"218":{"start":{"line":980,"column":9},"end":{"line":980,"column":31}},"219":{"start":{"line":982,"column":6},"end":{"line":982,"column":22}},"220":{"start":{"line":992,"column":6},"end":{"line":999,"column":10}},"221":{"start":{"line":1007,"column":6},"end":{"line":1019,"column":7}},"222":{"start":{"line":1009,"column":9},"end":{"line":1009,"column":31}},"223":{"start":{"line":1011,"column":11},"end":{"line":1019,"column":7}},"224":{"start":{"line":1013,"column":9},"end":{"line":1013,"column":28}},"225":{"start":{"line":1014,"column":9},"end":{"line":1014,"column":32}},"226":{"start":{"line":1018,"column":9},"end":{"line":1018,"column":29}},"227":{"start":{"line":1029,"column":6},"end":{"line":1029,"column":33}},"228":{"start":{"line":1031,"column":6},"end":{"line":1031,"column":25}}},"fnMap":{"0":{"name":"(anonymous_0)","decl":{"start":{"line":56,"column":3},"end":{"line":56,"column":4}},"loc":{"start":{"line":57,"column":3},"end":{"line":74,"column":4}},"line":57},"1":{"name":"(anonymous_1)","decl":{"start":{"line":83,"column":3},"end":{"line":83,"column":4}},"loc":{"start":{"line":84,"column":3},"end":{"line":133,"column":4}},"line":84},"2":{"name":"(anonymous_2)","decl":{"start":{"line":140,"column":3},"end":{"line":140,"column":4}},"loc":{"start":{"line":141,"column":3},"end":{"line":152,"column":4}},"line":141},"3":{"name":"(anonymous_3)","decl":{"start":{"line":157,"column":3},"end":{"line":157,"column":4}},"loc":{"start":{"line":158,"column":3},"end":{"line":162,"column":4}},"line":158},"4":{"name":"(anonymous_4)","decl":{"start":{"line":167,"column":3},"end":{"line":167,"column":4}},"loc":{"start":{"line":168,"column":3},"end":{"line":170,"column":4}},"line":168},"5":{"name":"(anonymous_5)","decl":{"start":{"line":177,"column":3},"end":{"line":177,"column":4}},"loc":{"start":{"line":178,"column":3},"end":{"line":180,"column":4}},"line":178},"6":{"name":"(anonymous_6)","decl":{"start":{"line":187,"column":3},"end":{"line":187,"column":4}},"loc":{"start":{"line":188,"column":3},"end":{"line":190,"column":4}},"line":188},"7":{"name":"(anonymous_7)","decl":{"start":{"line":197,"column":3},"end":{"line":197,"column":4}},"loc":{"start":{"line":198,"column":3},"end":{"line":200,"column":4}},"line":198},"8":{"name":"(anonymous_8)","decl":{"start":{"line":205,"column":3},"end":{"line":205,"column":4}},"loc":{"start":{"line":206,"column":3},"end":{"line":208,"column":4}},"line":206},"9":{"name":"(anonymous_9)","decl":{"start":{"line":215,"column":3},"end":{"line":215,"column":4}},"loc":{"start":{"line":216,"column":3},"end":{"line":240,"column":4}},"line":216},"10":{"name":"(anonymous_10)","decl":{"start":{"line":245,"column":3},"end":{"line":245,"column":4}},"loc":{"start":{"line":246,"column":3},"end":{"line":248,"column":4}},"line":246},"11":{"name":"(anonymous_11)","decl":{"start":{"line":256,"column":3},"end":{"line":256,"column":4}},"loc":{"start":{"line":257,"column":3},"end":{"line":267,"column":4}},"line":257},"12":{"name":"(anonymous_12)","decl":{"start":{"line":274,"column":3},"end":{"line":274,"column":4}},"loc":{"start":{"line":275,"column":3},"end":{"line":278,"column":4}},"line":275},"13":{"name":"(anonymous_13)","decl":{"start":{"line":286,"column":3},"end":{"line":286,"column":4}},"loc":{"start":{"line":287,"column":3},"end":{"line":309,"column":4}},"line":287},"14":{"name":"(anonymous_14)","decl":{"start":{"line":316,"column":3},"end":{"line":316,"column":4}},"loc":{"start":{"line":317,"column":3},"end":{"line":319,"column":4}},"line":317},"15":{"name":"(anonymous_15)","decl":{"start":{"line":326,"column":3},"end":{"line":326,"column":4}},"loc":{"start":{"line":327,"column":3},"end":{"line":329,"column":4}},"line":327},"16":{"name":"(anonymous_16)","decl":{"start":{"line":336,"column":3},"end":{"line":336,"column":4}},"loc":{"start":{"line":337,"column":3},"end":{"line":340,"column":4}},"line":337},"17":{"name":"(anonymous_17)","decl":{"start":{"line":347,"column":3},"end":{"line":347,"column":4}},"loc":{"start":{"line":348,"column":3},"end":{"line":351,"column":4}},"line":348},"18":{"name":"(anonymous_18)","decl":{"start":{"line":358,"column":3},"end":{"line":358,"column":4}},"loc":{"start":{"line":359,"column":3},"end":{"line":364,"column":4}},"line":359},"19":{"name":"(anonymous_19)","decl":{"start":{"line":371,"column":3},"end":{"line":371,"column":4}},"loc":{"start":{"line":372,"column":3},"end":{"line":375,"column":4}},"line":372},"20":{"name":"(anonymous_20)","decl":{"start":{"line":382,"column":3},"end":{"line":382,"column":4}},"loc":{"start":{"line":383,"column":3},"end":{"line":385,"column":4}},"line":383},"21":{"name":"(anonymous_21)","decl":{"start":{"line":394,"column":3},"end":{"line":394,"column":4}},"loc":{"start":{"line":395,"column":3},"end":{"line":398,"column":4}},"line":395},"22":{"name":"(anonymous_22)","decl":{"start":{"line":396,"column":43},"end":{"line":396,"column":44}},"loc":{"start":{"line":396,"column":50},"end":{"line":396,"column":69}},"line":396},"23":{"name":"(anonymous_23)","decl":{"start":{"line":405,"column":3},"end":{"line":405,"column":4}},"loc":{"start":{"line":406,"column":3},"end":{"line":428,"column":4}},"line":406},"24":{"name":"(anonymous_24)","decl":{"start":{"line":435,"column":3},"end":{"line":435,"column":4}},"loc":{"start":{"line":435,"column":21},"end":{"line":435,"column":50}},"line":435},"25":{"name":"(anonymous_25)","decl":{"start":{"line":444,"column":3},"end":{"line":444,"column":4}},"loc":{"start":{"line":445,"column":3},"end":{"line":448,"column":4}},"line":445},"26":{"name":"(anonymous_26)","decl":{"start":{"line":446,"column":41},"end":{"line":446,"column":42}},"loc":{"start":{"line":446,"column":48},"end":{"line":446,"column":67}},"line":446},"27":{"name":"(anonymous_27)","decl":{"start":{"line":455,"column":3},"end":{"line":455,"column":4}},"loc":{"start":{"line":456,"column":3},"end":{"line":592,"column":4}},"line":456},"28":{"name":"(anonymous_28)","decl":{"start":{"line":542,"column":62},"end":{"line":542,"column":63}},"loc":{"start":{"line":542,"column":72},"end":{"line":542,"column":86}},"line":542},"29":{"name":"(anonymous_29)","decl":{"start":{"line":547,"column":68},"end":{"line":547,"column":69}},"loc":{"start":{"line":547,"column":80},"end":{"line":547,"column":98}},"line":547},"30":{"name":"(anonymous_30)","decl":{"start":{"line":599,"column":3},"end":{"line":599,"column":4}},"loc":{"start":{"line":600,"column":3},"end":{"line":603,"column":4}},"line":600},"31":{"name":"(anonymous_31)","decl":{"start":{"line":601,"column":43},"end":{"line":601,"column":44}},"loc":{"start":{"line":601,"column":50},"end":{"line":601,"column":69}},"line":601},"32":{"name":"(anonymous_32)","decl":{"start":{"line":610,"column":3},"end":{"line":610,"column":4}},"loc":{"start":{"line":611,"column":3},"end":{"line":613,"column":4}},"line":611},"33":{"name":"(anonymous_33)","decl":{"start":{"line":612,"column":45},"end":{"line":612,"column":46}},"loc":{"start":{"line":612,"column":53},"end":{"line":612,"column":67}},"line":612},"34":{"name":"(anonymous_34)","decl":{"start":{"line":622,"column":3},"end":{"line":622,"column":4}},"loc":{"start":{"line":623,"column":3},"end":{"line":626,"column":4}},"line":623},"35":{"name":"(anonymous_35)","decl":{"start":{"line":624,"column":41},"end":{"line":624,"column":42}},"loc":{"start":{"line":624,"column":48},"end":{"line":624,"column":67}},"line":624},"36":{"name":"(anonymous_36)","decl":{"start":{"line":631,"column":3},"end":{"line":631,"column":4}},"loc":{"start":{"line":632,"column":3},"end":{"line":637,"column":4}},"line":632},"37":{"name":"(anonymous_37)","decl":{"start":{"line":645,"column":3},"end":{"line":645,"column":4}},"loc":{"start":{"line":646,"column":3},"end":{"line":664,"column":4}},"line":646},"38":{"name":"(anonymous_38)","decl":{"start":{"line":671,"column":3},"end":{"line":671,"column":4}},"loc":{"start":{"line":671,"column":34},"end":{"line":671,"column":72}},"line":671},"39":{"name":"(anonymous_39)","decl":{"start":{"line":680,"column":3},"end":{"line":680,"column":4}},"loc":{"start":{"line":681,"column":3},"end":{"line":724,"column":4}},"line":681},"40":{"name":"(anonymous_40)","decl":{"start":{"line":733,"column":3},"end":{"line":733,"column":4}},"loc":{"start":{"line":734,"column":3},"end":{"line":743,"column":4}},"line":734},"41":{"name":"(anonymous_41)","decl":{"start":{"line":735,"column":43},"end":{"line":735,"column":44}},"loc":{"start":{"line":735,"column":50},"end":{"line":735,"column":75}},"line":735},"42":{"name":"(anonymous_42)","decl":{"start":{"line":736,"column":47},"end":{"line":736,"column":48}},"loc":{"start":{"line":736,"column":54},"end":{"line":736,"column":79}},"line":736},"43":{"name":"(anonymous_43)","decl":{"start":{"line":752,"column":3},"end":{"line":752,"column":4}},"loc":{"start":{"line":753,"column":3},"end":{"line":765,"column":4}},"line":753},"44":{"name":"(anonymous_44)","decl":{"start":{"line":757,"column":41},"end":{"line":757,"column":42}},"loc":{"start":{"line":757,"column":48},"end":{"line":757,"column":73}},"line":757},"45":{"name":"(anonymous_45)","decl":{"start":{"line":758,"column":45},"end":{"line":758,"column":46}},"loc":{"start":{"line":758,"column":52},"end":{"line":758,"column":77}},"line":758},"46":{"name":"(anonymous_46)","decl":{"start":{"line":770,"column":3},"end":{"line":770,"column":4}},"loc":{"start":{"line":771,"column":3},"end":{"line":794,"column":4}},"line":771},"47":{"name":"(anonymous_47)","decl":{"start":{"line":799,"column":3},"end":{"line":799,"column":4}},"loc":{"start":{"line":800,"column":3},"end":{"line":802,"column":4}},"line":800},"48":{"name":"(anonymous_48)","decl":{"start":{"line":811,"column":3},"end":{"line":811,"column":4}},"loc":{"start":{"line":812,"column":3},"end":{"line":814,"column":4}},"line":812},"49":{"name":"(anonymous_49)","decl":{"start":{"line":821,"column":3},"end":{"line":821,"column":4}},"loc":{"start":{"line":822,"column":3},"end":{"line":824,"column":4}},"line":822},"50":{"name":"(anonymous_50)","decl":{"start":{"line":831,"column":3},"end":{"line":831,"column":4}},"loc":{"start":{"line":832,"column":3},"end":{"line":836,"column":4}},"line":832},"51":{"name":"(anonymous_51)","decl":{"start":{"line":850,"column":3},"end":{"line":850,"column":4}},"loc":{"start":{"line":851,"column":3},"end":{"line":876,"column":4}},"line":851},"52":{"name":"(anonymous_52)","decl":{"start":{"line":883,"column":3},"end":{"line":883,"column":4}},"loc":{"start":{"line":883,"column":14},"end":{"line":883,"column":40}},"line":883},"53":{"name":"(anonymous_53)","decl":{"start":{"line":890,"column":3},"end":{"line":890,"column":4}},"loc":{"start":{"line":890,"column":14},"end":{"line":890,"column":40}},"line":890},"54":{"name":"(anonymous_54)","decl":{"start":{"line":897,"column":3},"end":{"line":897,"column":4}},"loc":{"start":{"line":898,"column":3},"end":{"line":906,"column":4}},"line":898},"55":{"name":"(anonymous_55)","decl":{"start":{"line":913,"column":3},"end":{"line":913,"column":4}},"loc":{"start":{"line":914,"column":3},"end":{"line":917,"column":4}},"line":914},"56":{"name":"(anonymous_56)","decl":{"start":{"line":924,"column":3},"end":{"line":924,"column":4}},"loc":{"start":{"line":925,"column":3},"end":{"line":928,"column":4}},"line":925},"57":{"name":"(anonymous_57)","decl":{"start":{"line":939,"column":3},"end":{"line":939,"column":4}},"loc":{"start":{"line":940,"column":3},"end":{"line":965,"column":4}},"line":940},"58":{"name":"(anonymous_58)","decl":{"start":{"line":972,"column":3},"end":{"line":972,"column":4}},"loc":{"start":{"line":973,"column":3},"end":{"line":983,"column":4}},"line":973},"59":{"name":"(anonymous_59)","decl":{"start":{"line":990,"column":3},"end":{"line":990,"column":4}},"loc":{"start":{"line":991,"column":3},"end":{"line":1000,"column":4}},"line":991},"60":{"name":"(anonymous_60)","decl":{"start":{"line":1005,"column":3},"end":{"line":1005,"column":4}},"loc":{"start":{"line":1006,"column":3},"end":{"line":1020,"column":4}},"line":1006},"61":{"name":"(anonymous_61)","decl":{"start":{"line":1027,"column":3},"end":{"line":1027,"column":4}},"loc":{"start":{"line":1028,"column":3},"end":{"line":1032,"column":4}},"line":1028}},"branchMap":{"0":{"loc":{"start":{"line":60,"column":6},"end":{"line":71,"column":7}},"type":"if","locations":[{"start":{"line":60,"column":6},"end":{"line":71,"column":7}},{"start":{"line":68,"column":11},"end":{"line":71,"column":7}}],"line":60},"1":{"loc":{"start":{"line":68,"column":11},"end":{"line":71,"column":7}},"type":"if","locations":[{"start":{"line":68,"column":11},"end":{"line":71,"column":7}},{"start":{},"end":{}}],"line":68},"2":{"loc":{"start":{"line":83,"column":36},"end":{"line":83,"column":55}},"type":"default-arg","locations":[{"start":{"line":83,"column":48},"end":{"line":83,"column":55}}],"line":83},"3":{"loc":{"start":{"line":87,"column":6},"end":{"line":130,"column":7}},"type":"if","locations":[{"start":{"line":87,"column":6},"end":{"line":130,"column":7}},{"start":{},"end":{}}],"line":87},"4":{"loc":{"start":{"line":91,"column":9},"end":{"line":129,"column":10}},"type":"if","locations":[{"start":{"line":91,"column":9},"end":{"line":129,"column":10}},{"start":{},"end":{}}],"line":91},"5":{"loc":{"start":{"line":93,"column":12},"end":{"line":128,"column":13}},"type":"switch","locations":[{"start":{"line":95,"column":15},"end":{"line":109,"column":16}},{"start":{"line":111,"column":15},"end":{"line":118,"column":24}},{"start":{"line":120,"column":15},"end":{"line":127,"column":24}}],"line":93},"6":{"loc":{"start":{"line":100,"column":38},"end":{"line":100,"column":97}},"type":"binary-expr","locations":[{"start":{"line":100,"column":38},"end":{"line":100,"column":68}},{"start":{"line":100,"column":72},"end":{"line":100,"column":97}}],"line":100},"7":{"loc":{"start":{"line":105,"column":26},"end":{"line":105,"column":88}},"type":"cond-expr","locations":[{"start":{"line":105,"column":65},"end":{"line":105,"column":75}},{"start":{"line":105,"column":78},"end":{"line":105,"column":88}}],"line":105},"8":{"loc":{"start":{"line":105,"column":26},"end":{"line":105,"column":62}},"type":"binary-expr","locations":[{"start":{"line":105,"column":26},"end":{"line":105,"column":47}},{"start":{"line":105,"column":51},"end":{"line":105,"column":62}}],"line":105},"9":{"loc":{"start":{"line":140,"column":15},"end":{"line":140,"column":24}},"type":"default-arg","locations":[{"start":{"line":140,"column":22},"end":{"line":140,"column":24}}],"line":140},"10":{"loc":{"start":{"line":140,"column":26},"end":{"line":140,"column":38}},"type":"default-arg","locations":[{"start":{"line":140,"column":34},"end":{"line":140,"column":38}}],"line":140},"11":{"loc":{"start":{"line":142,"column":17},"end":{"line":142,"column":49}},"type":"cond-expr","locations":[{"start":{"line":142,"column":34},"end":{"line":142,"column":42}},{"start":{"line":142,"column":45},"end":{"line":142,"column":49}}],"line":142},"12":{"loc":{"start":{"line":148,"column":6},"end":{"line":151,"column":7}},"type":"if","locations":[{"start":{"line":148,"column":6},"end":{"line":151,"column":7}},{"start":{},"end":{}}],"line":148},"13":{"loc":{"start":{"line":148,"column":10},"end":{"line":148,"column":42}},"type":"binary-expr","locations":[{"start":{"line":148,"column":10},"end":{"line":148,"column":21}},{"start":{"line":148,"column":25},"end":{"line":148,"column":42}}],"line":148},"14":{"loc":{"start":{"line":159,"column":20},"end":{"line":159,"column":72}},"type":"cond-expr","locations":[{"start":{"line":159,"column":33},"end":{"line":159,"column":43}},{"start":{"line":159,"column":46},"end":{"line":159,"column":72}}],"line":159},"15":{"loc":{"start":{"line":161,"column":13},"end":{"line":161,"column":65}},"type":"binary-expr","locations":[{"start":{"line":161,"column":13},"end":{"line":161,"column":56}},{"start":{"line":161,"column":60},"end":{"line":161,"column":65}}],"line":161},"16":{"loc":{"start":{"line":219,"column":6},"end":{"line":237,"column":7}},"type":"if","locations":[{"start":{"line":219,"column":6},"end":{"line":237,"column":7}},{"start":{},"end":{}}],"line":219},"17":{"loc":{"start":{"line":219,"column":10},"end":{"line":219,"column":76}},"type":"binary-expr","locations":[{"start":{"line":219,"column":10},"end":{"line":219,"column":20}},{"start":{"line":219,"column":24},"end":{"line":219,"column":76}}],"line":219},"18":{"loc":{"start":{"line":221,"column":9},"end":{"line":221,"column":116}},"type":"if","locations":[{"start":{"line":221,"column":9},"end":{"line":221,"column":116}},{"start":{},"end":{}}],"line":221},"19":{"loc":{"start":{"line":225,"column":12},"end":{"line":225,"column":51}},"type":"if","locations":[{"start":{"line":225,"column":12},"end":{"line":225,"column":51}},{"start":{},"end":{}}],"line":225},"20":{"loc":{"start":{"line":229,"column":12},"end":{"line":229,"column":49}},"type":"if","locations":[{"start":{"line":229,"column":12},"end":{"line":229,"column":49}},{"start":{},"end":{}}],"line":229},"21":{"loc":{"start":{"line":229,"column":16},"end":{"line":229,"column":34}},"type":"binary-expr","locations":[{"start":{"line":229,"column":16},"end":{"line":229,"column":21}},{"start":{"line":229,"column":25},"end":{"line":229,"column":34}}],"line":229},"22":{"loc":{"start":{"line":231,"column":12},"end":{"line":235,"column":13}},"type":"if","locations":[{"start":{"line":231,"column":12},"end":{"line":235,"column":13}},{"start":{},"end":{}}],"line":231},"23":{"loc":{"start":{"line":258,"column":6},"end":{"line":258,"column":42}},"type":"if","locations":[{"start":{"line":258,"column":6},"end":{"line":258,"column":42}},{"start":{},"end":{}}],"line":258},"24":{"loc":{"start":{"line":263,"column":6},"end":{"line":263,"column":77}},"type":"if","locations":[{"start":{"line":263,"column":6},"end":{"line":263,"column":77}},{"start":{},"end":{}}],"line":263},"25":{"loc":{"start":{"line":263,"column":10},"end":{"line":263,"column":51}},"type":"binary-expr","locations":[{"start":{"line":263,"column":10},"end":{"line":263,"column":37}},{"start":{"line":263,"column":41},"end":{"line":263,"column":51}}],"line":263},"26":{"loc":{"start":{"line":266,"column":13},"end":{"line":266,"column":110}},"type":"binary-expr","locations":[{"start":{"line":266,"column":13},"end":{"line":266,"column":24}},{"start":{"line":266,"column":28},"end":{"line":266,"column":110}}],"line":266},"27":{"loc":{"start":{"line":276,"column":13},"end":{"line":277,"column":102}},"type":"binary-expr","locations":[{"start":{"line":276,"column":13},"end":{"line":276,"column":27}},{"start":{"line":277,"column":8},"end":{"line":277,"column":18}},{"start":{"line":277,"column":22},"end":{"line":277,"column":101}}],"line":276},"28":{"loc":{"start":{"line":290,"column":6},"end":{"line":306,"column":7}},"type":"if","locations":[{"start":{"line":290,"column":6},"end":{"line":306,"column":7}},{"start":{},"end":{}}],"line":290},"29":{"loc":{"start":{"line":290,"column":10},"end":{"line":291,"column":90}},"type":"binary-expr","locations":[{"start":{"line":290,"column":10},"end":{"line":290,"column":20}},{"start":{"line":290,"column":24},"end":{"line":290,"column":76}},{"start":{"line":291,"column":7},"end":{"line":291,"column":90}}],"line":290},"30":{"loc":{"start":{"line":295,"column":12},"end":{"line":295,"column":51}},"type":"if","locations":[{"start":{"line":295,"column":12},"end":{"line":295,"column":51}},{"start":{},"end":{}}],"line":295},"31":{"loc":{"start":{"line":299,"column":12},"end":{"line":299,"column":49}},"type":"if","locations":[{"start":{"line":299,"column":12},"end":{"line":299,"column":49}},{"start":{},"end":{}}],"line":299},"32":{"loc":{"start":{"line":299,"column":16},"end":{"line":299,"column":34}},"type":"binary-expr","locations":[{"start":{"line":299,"column":16},"end":{"line":299,"column":21}},{"start":{"line":299,"column":25},"end":{"line":299,"column":34}}],"line":299},"33":{"loc":{"start":{"line":301,"column":12},"end":{"line":301,"column":84}},"type":"if","locations":[{"start":{"line":301,"column":12},"end":{"line":301,"column":84}},{"start":{},"end":{}}],"line":301},"34":{"loc":{"start":{"line":338,"column":19},"end":{"line":339,"column":71}},"type":"cond-expr","locations":[{"start":{"line":338,"column":67},"end":{"line":338,"column":72}},{"start":{"line":339,"column":7},"end":{"line":339,"column":71}}],"line":338},"35":{"loc":{"start":{"line":338,"column":19},"end":{"line":338,"column":64}},"type":"binary-expr","locations":[{"start":{"line":338,"column":19},"end":{"line":338,"column":44}},{"start":{"line":338,"column":48},"end":{"line":338,"column":64}}],"line":338},"36":{"loc":{"start":{"line":347,"column":13},"end":{"line":347,"column":22}},"type":"default-arg","locations":[{"start":{"line":347,"column":20},"end":{"line":347,"column":22}}],"line":347},"37":{"loc":{"start":{"line":350,"column":6},"end":{"line":350,"column":62}},"type":"if","locations":[{"start":{"line":350,"column":6},"end":{"line":350,"column":62}},{"start":{},"end":{}}],"line":350},"38":{"loc":{"start":{"line":360,"column":6},"end":{"line":363,"column":7}},"type":"if","locations":[{"start":{"line":360,"column":6},"end":{"line":363,"column":7}},{"start":{},"end":{}}],"line":360},"39":{"loc":{"start":{"line":371,"column":11},"end":{"line":371,"column":20}},"type":"default-arg","locations":[{"start":{"line":371,"column":18},"end":{"line":371,"column":20}}],"line":371},"40":{"loc":{"start":{"line":374,"column":6},"end":{"line":374,"column":67}},"type":"if","locations":[{"start":{"line":374,"column":6},"end":{"line":374,"column":67}},{"start":{},"end":{}}],"line":374},"41":{"loc":{"start":{"line":374,"column":10},"end":{"line":374,"column":39}},"type":"binary-expr","locations":[{"start":{"line":374,"column":10},"end":{"line":374,"column":19}},{"start":{"line":374,"column":23},"end":{"line":374,"column":39}}],"line":374},"42":{"loc":{"start":{"line":384,"column":13},"end":{"line":384,"column":99}},"type":"cond-expr","locations":[{"start":{"line":384,"column":27},"end":{"line":384,"column":68}},{"start":{"line":384,"column":71},"end":{"line":384,"column":99}}],"line":384},"43":{"loc":{"start":{"line":397,"column":13},"end":{"line":397,"column":52}},"type":"cond-expr","locations":[{"start":{"line":397,"column":26},"end":{"line":397,"column":45}},{"start":{"line":397,"column":48},"end":{"line":397,"column":52}}],"line":397},"44":{"loc":{"start":{"line":407,"column":6},"end":{"line":407,"column":42}},"type":"if","locations":[{"start":{"line":407,"column":6},"end":{"line":407,"column":42}},{"start":{},"end":{}}],"line":407},"45":{"loc":{"start":{"line":411,"column":6},"end":{"line":425,"column":7}},"type":"if","locations":[{"start":{"line":411,"column":6},"end":{"line":425,"column":7}},{"start":{},"end":{}}],"line":411},"46":{"loc":{"start":{"line":411,"column":10},"end":{"line":411,"column":76}},"type":"binary-expr","locations":[{"start":{"line":411,"column":10},"end":{"line":411,"column":20}},{"start":{"line":411,"column":24},"end":{"line":411,"column":76}}],"line":411},"47":{"loc":{"start":{"line":415,"column":12},"end":{"line":415,"column":51}},"type":"if","locations":[{"start":{"line":415,"column":12},"end":{"line":415,"column":51}},{"start":{},"end":{}}],"line":415},"48":{"loc":{"start":{"line":419,"column":12},"end":{"line":419,"column":49}},"type":"if","locations":[{"start":{"line":419,"column":12},"end":{"line":419,"column":49}},{"start":{},"end":{}}],"line":419},"49":{"loc":{"start":{"line":419,"column":16},"end":{"line":419,"column":34}},"type":"binary-expr","locations":[{"start":{"line":419,"column":16},"end":{"line":419,"column":21}},{"start":{"line":419,"column":25},"end":{"line":419,"column":34}}],"line":419},"50":{"loc":{"start":{"line":421,"column":12},"end":{"line":421,"column":84}},"type":"if","locations":[{"start":{"line":421,"column":12},"end":{"line":421,"column":84}},{"start":{},"end":{}}],"line":421},"51":{"loc":{"start":{"line":447,"column":13},"end":{"line":447,"column":50}},"type":"cond-expr","locations":[{"start":{"line":447,"column":26},"end":{"line":447,"column":43}},{"start":{"line":447,"column":46},"end":{"line":447,"column":50}}],"line":447},"52":{"loc":{"start":{"line":457,"column":18},"end":{"line":457,"column":95}},"type":"binary-expr","locations":[{"start":{"line":457,"column":18},"end":{"line":457,"column":27}},{"start":{"line":457,"column":31},"end":{"line":457,"column":95}}],"line":457},"53":{"loc":{"start":{"line":462,"column":20},"end":{"line":462,"column":55}},"type":"binary-expr","locations":[{"start":{"line":462,"column":20},"end":{"line":462,"column":31}},{"start":{"line":462,"column":35},"end":{"line":462,"column":55}}],"line":462},"54":{"loc":{"start":{"line":467,"column":19},"end":{"line":467,"column":37}},"type":"binary-expr","locations":[{"start":{"line":467,"column":19},"end":{"line":467,"column":29}},{"start":{"line":467,"column":33},"end":{"line":467,"column":37}}],"line":467},"55":{"loc":{"start":{"line":472,"column":23},"end":{"line":472,"column":45}},"type":"binary-expr","locations":[{"start":{"line":472,"column":23},"end":{"line":472,"column":37}},{"start":{"line":472,"column":41},"end":{"line":472,"column":45}}],"line":472},"56":{"loc":{"start":{"line":477,"column":25},"end":{"line":477,"column":47}},"type":"binary-expr","locations":[{"start":{"line":477,"column":25},"end":{"line":477,"column":41}},{"start":{"line":477,"column":45},"end":{"line":477,"column":47}}],"line":477},"57":{"loc":{"start":{"line":482,"column":21},"end":{"line":482,"column":39}},"type":"binary-expr","locations":[{"start":{"line":482,"column":21},"end":{"line":482,"column":33}},{"start":{"line":482,"column":37},"end":{"line":482,"column":39}}],"line":482},"58":{"loc":{"start":{"line":487,"column":19},"end":{"line":487,"column":40}},"type":"binary-expr","locations":[{"start":{"line":487,"column":19},"end":{"line":487,"column":29}},{"start":{"line":487,"column":33},"end":{"line":487,"column":40}}],"line":487},"59":{"loc":{"start":{"line":492,"column":23},"end":{"line":492,"column":48}},"type":"binary-expr","locations":[{"start":{"line":492,"column":23},"end":{"line":492,"column":37}},{"start":{"line":492,"column":41},"end":{"line":492,"column":48}}],"line":492},"60":{"loc":{"start":{"line":497,"column":20},"end":{"line":497,"column":37}},"type":"binary-expr","locations":[{"start":{"line":497,"column":20},"end":{"line":497,"column":31}},{"start":{"line":497,"column":35},"end":{"line":497,"column":37}}],"line":497},"61":{"loc":{"start":{"line":502,"column":23},"end":{"line":502,"column":49}},"type":"binary-expr","locations":[{"start":{"line":502,"column":23},"end":{"line":502,"column":37}},{"start":{"line":502,"column":41},"end":{"line":502,"column":49}}],"line":502},"62":{"loc":{"start":{"line":507,"column":26},"end":{"line":507,"column":92}},"type":"cond-expr","locations":[{"start":{"line":507,"column":67},"end":{"line":507,"column":84}},{"start":{"line":507,"column":87},"end":{"line":507,"column":92}}],"line":507},"63":{"loc":{"start":{"line":512,"column":22},"end":{"line":512,"column":43}},"type":"binary-expr","locations":[{"start":{"line":512,"column":22},"end":{"line":512,"column":35}},{"start":{"line":512,"column":39},"end":{"line":512,"column":43}}],"line":512},"64":{"loc":{"start":{"line":517,"column":25},"end":{"line":517,"column":47}},"type":"binary-expr","locations":[{"start":{"line":517,"column":25},"end":{"line":517,"column":41}},{"start":{"line":517,"column":45},"end":{"line":517,"column":47}}],"line":517},"65":{"loc":{"start":{"line":522,"column":22},"end":{"line":522,"column":40}},"type":"binary-expr","locations":[{"start":{"line":522,"column":22},"end":{"line":522,"column":35}},{"start":{"line":522,"column":39},"end":{"line":522,"column":40}}],"line":522},"66":{"loc":{"start":{"line":527,"column":18},"end":{"line":527,"column":35}},"type":"binary-expr","locations":[{"start":{"line":527,"column":18},"end":{"line":527,"column":27}},{"start":{"line":527,"column":31},"end":{"line":527,"column":35}}],"line":527},"67":{"loc":{"start":{"line":532,"column":20},"end":{"line":532,"column":39}},"type":"binary-expr","locations":[{"start":{"line":532,"column":20},"end":{"line":532,"column":31}},{"start":{"line":532,"column":35},"end":{"line":532,"column":39}}],"line":532},"68":{"loc":{"start":{"line":537,"column":23},"end":{"line":537,"column":43}},"type":"binary-expr","locations":[{"start":{"line":537,"column":23},"end":{"line":537,"column":37}},{"start":{"line":537,"column":41},"end":{"line":537,"column":43}}],"line":537},"69":{"loc":{"start":{"line":542,"column":19},"end":{"line":542,"column":92}},"type":"cond-expr","locations":[{"start":{"line":542,"column":47},"end":{"line":542,"column":87}},{"start":{"line":542,"column":90},"end":{"line":542,"column":92}}],"line":542},"70":{"loc":{"start":{"line":547,"column":21},"end":{"line":547,"column":104}},"type":"cond-expr","locations":[{"start":{"line":547,"column":51},"end":{"line":547,"column":99}},{"start":{"line":547,"column":102},"end":{"line":547,"column":104}}],"line":547},"71":{"loc":{"start":{"line":550,"column":6},"end":{"line":550,"column":76}},"type":"if","locations":[{"start":{"line":550,"column":6},"end":{"line":550,"column":76}},{"start":{},"end":{}}],"line":550},"72":{"loc":{"start":{"line":552,"column":6},"end":{"line":591,"column":7}},"type":"if","locations":[{"start":{"line":552,"column":6},"end":{"line":591,"column":7}},{"start":{"line":566,"column":6},"end":{"line":591,"column":7}}],"line":552},"73":{"loc":{"start":{"line":560,"column":20},"end":{"line":560,"column":82}},"type":"cond-expr","locations":[{"start":{"line":560,"column":59},"end":{"line":560,"column":75}},{"start":{"line":560,"column":78},"end":{"line":560,"column":82}}],"line":560},"74":{"loc":{"start":{"line":561,"column":19},"end":{"line":561,"column":79}},"type":"cond-expr","locations":[{"start":{"line":561,"column":57},"end":{"line":561,"column":72}},{"start":{"line":561,"column":75},"end":{"line":561,"column":79}}],"line":561},"75":{"loc":{"start":{"line":562,"column":17},"end":{"line":562,"column":73}},"type":"cond-expr","locations":[{"start":{"line":562,"column":53},"end":{"line":562,"column":66}},{"start":{"line":562,"column":69},"end":{"line":562,"column":73}}],"line":562},"76":{"loc":{"start":{"line":571,"column":9},"end":{"line":590,"column":10}},"type":"switch","locations":[{"start":{"line":573,"column":12},"end":{"line":576,"column":21}},{"start":{"line":578,"column":12},"end":{"line":578,"column":39}},{"start":{"line":579,"column":12},"end":{"line":582,"column":21}},{"start":{"line":584,"column":12},"end":{"line":584,"column":38}},{"start":{"line":585,"column":12},"end":{"line":585,"column":39}},{"start":{"line":586,"column":12},"end":{"line":589,"column":21}}],"line":571},"77":{"loc":{"start":{"line":602,"column":6},"end":{"line":602,"column":56}},"type":"if","locations":[{"start":{"line":602,"column":6},"end":{"line":602,"column":56}},{"start":{},"end":{}}],"line":602},"78":{"loc":{"start":{"line":625,"column":6},"end":{"line":625,"column":54}},"type":"if","locations":[{"start":{"line":625,"column":6},"end":{"line":625,"column":54}},{"start":{},"end":{}}],"line":625},"79":{"loc":{"start":{"line":647,"column":20},"end":{"line":647,"column":72}},"type":"cond-expr","locations":[{"start":{"line":647,"column":33},"end":{"line":647,"column":43}},{"start":{"line":647,"column":46},"end":{"line":647,"column":72}}],"line":647},"80":{"loc":{"start":{"line":650,"column":6},"end":{"line":650,"column":52}},"type":"if","locations":[{"start":{"line":650,"column":6},"end":{"line":650,"column":52}},{"start":{},"end":{}}],"line":650},"81":{"loc":{"start":{"line":650,"column":10},"end":{"line":650,"column":39}},"type":"binary-expr","locations":[{"start":{"line":650,"column":10},"end":{"line":650,"column":16}},{"start":{"line":650,"column":20},"end":{"line":650,"column":39}}],"line":650},"82":{"loc":{"start":{"line":654,"column":15},"end":{"line":655,"column":74}},"type":"cond-expr","locations":[{"start":{"line":654,"column":73},"end":{"line":654,"column":83}},{"start":{"line":655,"column":10},"end":{"line":655,"column":74}}],"line":654},"83":{"loc":{"start":{"line":654,"column":15},"end":{"line":654,"column":70}},"type":"binary-expr","locations":[{"start":{"line":654,"column":15},"end":{"line":654,"column":45}},{"start":{"line":654,"column":49},"end":{"line":654,"column":70}}],"line":654},"84":{"loc":{"start":{"line":682,"column":6},"end":{"line":682,"column":58}},"type":"if","locations":[{"start":{"line":682,"column":6},"end":{"line":682,"column":58}},{"start":{},"end":{}}],"line":682},"85":{"loc":{"start":{"line":682,"column":10},"end":{"line":682,"column":45}},"type":"binary-expr","locations":[{"start":{"line":682,"column":10},"end":{"line":682,"column":21}},{"start":{"line":682,"column":25},"end":{"line":682,"column":45}}],"line":682},"86":{"loc":{"start":{"line":687,"column":6},"end":{"line":705,"column":7}},"type":"switch","locations":[{"start":{"line":689,"column":9},"end":{"line":692,"column":18}},{"start":{"line":694,"column":9},"end":{"line":694,"column":36}},{"start":{"line":695,"column":9},"end":{"line":697,"column":18}},{"start":{"line":699,"column":9},"end":{"line":699,"column":35}},{"start":{"line":700,"column":9},"end":{"line":700,"column":36}},{"start":{"line":701,"column":9},"end":{"line":704,"column":18}}],"line":687},"87":{"loc":{"start":{"line":708,"column":6},"end":{"line":715,"column":7}},"type":"if","locations":[{"start":{"line":708,"column":6},"end":{"line":715,"column":7}},{"start":{},"end":{}}],"line":708},"88":{"loc":{"start":{"line":711,"column":9},"end":{"line":714,"column":10}},"type":"if","locations":[{"start":{"line":711,"column":9},"end":{"line":714,"column":10}},{"start":{},"end":{}}],"line":711},"89":{"loc":{"start":{"line":738,"column":6},"end":{"line":742,"column":7}},"type":"if","locations":[{"start":{"line":738,"column":6},"end":{"line":742,"column":7}},{"start":{},"end":{}}],"line":738},"90":{"loc":{"start":{"line":738,"column":10},"end":{"line":738,"column":38}},"type":"binary-expr","locations":[{"start":{"line":738,"column":10},"end":{"line":738,"column":20}},{"start":{"line":738,"column":24},"end":{"line":738,"column":38}}],"line":738},"91":{"loc":{"start":{"line":755,"column":6},"end":{"line":755,"column":36}},"type":"if","locations":[{"start":{"line":755,"column":6},"end":{"line":755,"column":36}},{"start":{},"end":{}}],"line":755},"92":{"loc":{"start":{"line":760,"column":6},"end":{"line":764,"column":7}},"type":"if","locations":[{"start":{"line":760,"column":6},"end":{"line":764,"column":7}},{"start":{},"end":{}}],"line":760},"93":{"loc":{"start":{"line":760,"column":10},"end":{"line":760,"column":38}},"type":"binary-expr","locations":[{"start":{"line":760,"column":10},"end":{"line":760,"column":20}},{"start":{"line":760,"column":24},"end":{"line":760,"column":38}}],"line":760},"94":{"loc":{"start":{"line":801,"column":19},"end":{"line":801,"column":61}},"type":"cond-expr","locations":[{"start":{"line":801,"column":44},"end":{"line":801,"column":51}},{"start":{"line":801,"column":54},"end":{"line":801,"column":61}}],"line":801},"95":{"loc":{"start":{"line":835,"column":13},"end":{"line":835,"column":55}},"type":"cond-expr","locations":[{"start":{"line":835,"column":26},"end":{"line":835,"column":46}},{"start":{"line":835,"column":49},"end":{"line":835,"column":55}}],"line":835},"96":{"loc":{"start":{"line":850,"column":15},"end":{"line":850,"column":24}},"type":"default-arg","locations":[{"start":{"line":850,"column":22},"end":{"line":850,"column":24}}],"line":850},"97":{"loc":{"start":{"line":855,"column":18},"end":{"line":855,"column":35}},"type":"binary-expr","locations":[{"start":{"line":855,"column":18},"end":{"line":855,"column":27}},{"start":{"line":855,"column":31},"end":{"line":855,"column":35}}],"line":855},"98":{"loc":{"start":{"line":860,"column":18},"end":{"line":860,"column":33}},"type":"binary-expr","locations":[{"start":{"line":860,"column":18},"end":{"line":860,"column":27}},{"start":{"line":860,"column":31},"end":{"line":860,"column":33}}],"line":860},"99":{"loc":{"start":{"line":865,"column":20},"end":{"line":865,"column":74}},"type":"cond-expr","locations":[{"start":{"line":865,"column":55},"end":{"line":865,"column":66}},{"start":{"line":865,"column":69},"end":{"line":865,"column":74}}],"line":865},"100":{"loc":{"start":{"line":870,"column":20},"end":{"line":870,"column":73}},"type":"cond-expr","locations":[{"start":{"line":870,"column":55},"end":{"line":870,"column":66}},{"start":{"line":870,"column":69},"end":{"line":870,"column":73}}],"line":870},"101":{"loc":{"start":{"line":875,"column":20},"end":{"line":875,"column":49}},"type":"binary-expr","locations":[{"start":{"line":875,"column":20},"end":{"line":875,"column":31}},{"start":{"line":875,"column":35},"end":{"line":875,"column":49}}],"line":875},"102":{"loc":{"start":{"line":939,"column":15},"end":{"line":939,"column":24}},"type":"default-arg","locations":[{"start":{"line":939,"column":22},"end":{"line":939,"column":24}}],"line":939},"103":{"loc":{"start":{"line":944,"column":18},"end":{"line":944,"column":35}},"type":"binary-expr","locations":[{"start":{"line":944,"column":18},"end":{"line":944,"column":27}},{"start":{"line":944,"column":31},"end":{"line":944,"column":35}}],"line":944},"104":{"loc":{"start":{"line":949,"column":23},"end":{"line":949,"column":46}},"type":"binary-expr","locations":[{"start":{"line":949,"column":23},"end":{"line":949,"column":37}},{"start":{"line":949,"column":41},"end":{"line":949,"column":46}}],"line":949},"105":{"loc":{"start":{"line":954,"column":20},"end":{"line":954,"column":40}},"type":"binary-expr","locations":[{"start":{"line":954,"column":20},"end":{"line":954,"column":31}},{"start":{"line":954,"column":35},"end":{"line":954,"column":40}}],"line":954},"106":{"loc":{"start":{"line":959,"column":20},"end":{"line":959,"column":40}},"type":"binary-expr","locations":[{"start":{"line":959,"column":20},"end":{"line":959,"column":31}},{"start":{"line":959,"column":35},"end":{"line":959,"column":40}}],"line":959},"107":{"loc":{"start":{"line":964,"column":20},"end":{"line":964,"column":49}},"type":"binary-expr","locations":[{"start":{"line":964,"column":20},"end":{"line":964,"column":31}},{"start":{"line":964,"column":35},"end":{"line":964,"column":49}}],"line":964},"108":{"loc":{"start":{"line":974,"column":6},"end":{"line":981,"column":7}},"type":"if","locations":[{"start":{"line":974,"column":6},"end":{"line":981,"column":7}},{"start":{"line":978,"column":11},"end":{"line":981,"column":7}}],"line":974},"109":{"loc":{"start":{"line":978,"column":11},"end":{"line":981,"column":7}},"type":"if","locations":[{"start":{"line":978,"column":11},"end":{"line":981,"column":7}},{"start":{},"end":{}}],"line":978},"110":{"loc":{"start":{"line":1007,"column":6},"end":{"line":1019,"column":7}},"type":"if","locations":[{"start":{"line":1007,"column":6},"end":{"line":1019,"column":7}},{"start":{"line":1011,"column":11},"end":{"line":1019,"column":7}}],"line":1007},"111":{"loc":{"start":{"line":1007,"column":10},"end":{"line":1007,"column":59}},"type":"binary-expr","locations":[{"start":{"line":1007,"column":10},"end":{"line":1007,"column":34}},{"start":{"line":1007,"column":38},"end":{"line":1007,"column":59}}],"line":1007},"112":{"loc":{"start":{"line":1011,"column":11},"end":{"line":1019,"column":7}},"type":"if","locations":[{"start":{"line":1011,"column":11},"end":{"line":1019,"column":7}},{"start":{"line":1017,"column":6},"end":{"line":1019,"column":7}}],"line":1011}},"s":{"0":0,"1":0,"2":0,"3":0,"4":0,"5":0,"6":0,"7":0,"8":0,"9":0,"10":0,"11":0,"12":0,"13":0,"14":0,"15":0,"16":0,"17":0,"18":0,"19":0,"20":0,"21":7,"22":7,"23":7,"24":7,"25":7,"26":0,"27":0,"28":2,"29":1,"30":0,"31":0,"32":0,"33":0,"34":0,"35":0,"36":0,"37":0,"38":0,"39":0,"40":0,"41":0,"42":0,"43":0,"44":0,"45":0,"46":0,"47":0,"48":0,"49":0,"50":0,"51":0,"52":0,"53":0,"54":0,"55":0,"56":0,"57":0,"58":0,"59":0,"60":0,"61":0,"62":0,"63":0,"64":0,"65":0,"66":0,"67":0,"68":0,"69":0,"70":8,"71":1,"72":1,"73":1,"74":1,"75":1,"76":2,"77":2,"78":2,"79":0,"80":0,"81":0,"82":0,"83":0,"84":0,"85":0,"86":0,"87":0,"88":0,"89":0,"90":0,"91":0,"92":0,"93":0,"94":0,"95":0,"96":0,"97":0,"98":0,"99":0,"100":0,"101":7,"102":7,"103":7,"104":7,"105":7,"106":7,"107":7,"108":7,"109":7,"110":7,"111":7,"112":7,"113":7,"114":7,"115":7,"116":7,"117":7,"118":7,"119":0,"120":7,"121":0,"122":7,"123":0,"124":7,"125":0,"126":7,"127":7,"128":0,"129":0,"130":0,"131":0,"132":0,"133":0,"134":7,"135":7,"136":7,"137":1,"138":1,"139":1,"140":1,"141":1,"142":1,"143":0,"144":0,"145":0,"146":0,"147":0,"148":0,"149":0,"150":0,"151":0,"152":0,"153":0,"154":0,"155":0,"156":0,"157":0,"158":1,"159":0,"160":1,"161":1,"162":0,"163":0,"164":0,"165":1,"166":1,"167":0,"168":0,"169":0,"170":1,"171":1,"172":1,"173":0,"174":1,"175":1,"176":0,"177":0,"178":0,"179":0,"180":0,"181":0,"182":0,"183":0,"184":0,"185":0,"186":0,"187":0,"188":0,"189":0,"190":0,"191":0,"192":2,"193":0,"194":0,"195":0,"196":0,"197":0,"198":1,"199":1,"200":1,"201":1,"202":1,"203":0,"204":0,"205":0,"206":0,"207":0,"208":0,"209":0,"210":2,"211":2,"212":2,"213":2,"214":2,"215":0,"216":0,"217":0,"218":0,"219":0,"220":0,"221":3,"222":1,"223":2,"224":1,"225":1,"226":1,"227":0,"228":0},"f":{"0":0,"1":0,"2":7,"3":0,"4":2,"5":1,"6":0,"7":0,"8":0,"9":0,"10":0,"11":0,"12":0,"13":0,"14":0,"15":0,"16":8,"17":1,"18":1,"19":2,"20":0,"21":0,"22":0,"23":0,"24":0,"25":0,"26":0,"27":7,"28":0,"29":0,"30":1,"31":1,"32":1,"33":1,"34":0,"35":0,"36":0,"37":0,"38":0,"39":1,"40":0,"41":0,"42":0,"43":0,"44":0,"45":0,"46":2,"47":0,"48":0,"49":0,"50":0,"51":1,"52":0,"53":0,"54":0,"55":0,"56":0,"57":2,"58":0,"59":0,"60":3,"61":0},"b":{"0":[0,0],"1":[0,0],"2":[0],"3":[0,0],"4":[0,0],"5":[0,0,0],"6":[0,0],"7":[0,0],"8":[0,0],"9":[0],"10":[0],"11":[7,0],"12":[7,0],"13":[7,7],"14":[0,0],"15":[0,0],"16":[0,0],"17":[0,0],"18":[0,0],"19":[0,0],"20":[0,0],"21":[0,0],"22":[0,0],"23":[0,0],"24":[0,0],"25":[0,0],"26":[0,0],"27":[0,0,0],"28":[0,0],"29":[0,0,0],"30":[0,0],"31":[0,0],"32":[0,0],"33":[0,0],"34":[8,0],"35":[8,8],"36":[0],"37":[1,0],"38":[1,0],"39":[0],"40":[2,0],"41":[2,2],"42":[0,0],"43":[0,0],"44":[0,0],"45":[0,0],"46":[0,0],"47":[0,0],"48":[0,0],"49":[0,0],"50":[0,0],"51":[0,0],"52":[7,7],"53":[7,7],"54":[7,7],"55":[7,7],"56":[7,7],"57":[7,7],"58":[7,7],"59":[7,7],"60":[7,7],"61":[7,7],"62":[0,7],"63":[7,7],"64":[7,7],"65":[7,7],"66":[7,7],"67":[7,7],"68":[7,7],"69":[0,7],"70":[0,7],"71":[0,7],"72":[0,7],"73":[0,0],"74":[0,0],"75":[0,0],"76":[0,0,0,7,7,7],"77":[1,0],"78":[0,0],"79":[0,0],"80":[0,0],"81":[0,0],"82":[0,0],"83":[0,0],"84":[0,1],"85":[1,1],"86":[0,1,1,0,0,0],"87":[1,0],"88":[0,1],"89":[0,0],"90":[0,0],"91":[0,0],"92":[0,0],"93":[0,0],"94":[0,0],"95":[0,0],"96":[0],"97":[1,0],"98":[1,0],"99":[0,1],"100":[0,1],"101":[1,1],"102":[0],"103":[2,0],"104":[2,2],"105":[2,2],"106":[2,2],"107":[2,2],"108":[0,0],"109":[0,0],"110":[1,2],"111":[3,2],"112":[1,1]},"inputSourceMap":null,"_coverageSchema":"1a1c01bbd47fc00a2c39e90264f33305004495a9","hash":"90c011c3d0d8f35508c65bfe75b452a330406281"}
,"C:\\Users\\tomas\\Documents\\2_Tecnicos\\FoundryVtt Modulos\\foundryvtt-forien-quest-log\\src\\model\\constants.js": {"path":"C:\\Users\\tomas\\Documents\\2_Tecnicos\\FoundryVtt Modulos\\foundryvtt-forien-quest-log\\src\\model\\constants.js","statementMap":{"0":{"start":{"line":6,"column":18},"end":{"line":10,"column":1}},"1":{"start":{"line":17,"column":15},"end":{"line":27,"column":1}},"2":{"start":{"line":34,"column":20},"end":{"line":40,"column":1}},"3":{"start":{"line":47,"column":24},"end":{"line":53,"column":1}},"4":{"start":{"line":61,"column":22},"end":{"line":67,"column":1}},"5":{"start":{"line":74,"column":25},"end":{"line":79,"column":1}},"6":{"start":{"line":84,"column":17},"end":{"line":103,"column":1}},"7":{"start":{"line":108,"column":20},"end":{"line":112,"column":1}}},"fnMap":{},"branchMap":{},"s":{"0":1,"1":1,"2":1,"3":1,"4":1,"5":1,"6":1,"7":1},"f":{},"b":{},"inputSourceMap":null,"_coverageSchema":"1a1c01bbd47fc00a2c39e90264f33305004495a9","hash":"6d773b0e9da2432942dbf19e3d09bef6316b9d74"}
,"C:\\Users\\tomas\\Documents\\2_Tecnicos\\FoundryVtt Modulos\\foundryvtt-forien-quest-log\\src\\view\\internal\\context-options.js": {"path":"C:\\Users\\tomas\\Documents\\2_Tecnicos\\FoundryVtt Modulos\\foundryvtt-forien-quest-log\\src\\view\\internal\\context-options.js","statementMap":{"0":{"start":{"line":12,"column":3},"end":{"line":15,"column":4}},"1":{"start":{"line":14,"column":6},"end":{"line":14,"column":20}},"2":{"start":{"line":17,"column":3},"end":{"line":24,"column":4}},"3":{"start":{"line":19,"column":6},"end":{"line":19,"column":69}},"4":{"start":{"line":23,"column":6},"end":{"line":23,"column":68}},"5":{"start":{"line":26,"column":3},"end":{"line":26,"column":55}},"6":{"start":{"line":29,"column":32},"end":{"line":41,"column":1}},"7":{"start":{"line":34,"column":20},"end":{"line":34,"column":45}},"8":{"start":{"line":36,"column":6},"end":{"line":39,"column":7}},"9":{"start":{"line":38,"column":9},"end":{"line":38,"column":92}},"10":{"start":{"line":43,"column":27},"end":{"line":55,"column":1}},"11":{"start":{"line":48,"column":20},"end":{"line":48,"column":45}},"12":{"start":{"line":50,"column":6},"end":{"line":53,"column":7}},"13":{"start":{"line":52,"column":9},"end":{"line":52,"column":95}},"14":{"start":{"line":57,"column":34},"end":{"line":65,"column":1}},"15":{"start":{"line":62,"column":20},"end":{"line":62,"column":45}},"16":{"start":{"line":63,"column":6},"end":{"line":63,"column":55}},"17":{"start":{"line":63,"column":19},"end":{"line":63,"column":53}},"18":{"start":{"line":67,"column":25},"end":{"line":76,"column":1}},"19":{"start":{"line":70,"column":24},"end":{"line":70,"column":68}},"20":{"start":{"line":73,"column":20},"end":{"line":73,"column":45}},"21":{"start":{"line":74,"column":6},"end":{"line":74,"column":30}}},"fnMap":{"0":{"name":"getQuestFromElement","decl":{"start":{"line":8,"column":9},"end":{"line":8,"column":28}},"loc":{"start":{"line":9,"column":0},"end":{"line":27,"column":1}},"line":9},"1":{"name":"(anonymous_1)","decl":{"start":{"line":32,"column":13},"end":{"line":32,"column":14}},"loc":{"start":{"line":33,"column":3},"end":{"line":40,"column":4}},"line":33},"2":{"name":"(anonymous_2)","decl":{"start":{"line":46,"column":13},"end":{"line":46,"column":14}},"loc":{"start":{"line":47,"column":3},"end":{"line":54,"column":4}},"line":47},"3":{"name":"(anonymous_3)","decl":{"start":{"line":60,"column":13},"end":{"line":60,"column":14}},"loc":{"start":{"line":61,"column":3},"end":{"line":64,"column":4}},"line":61},"4":{"name":"(anonymous_4)","decl":{"start":{"line":70,"column":14},"end":{"line":70,"column":15}},"loc":{"start":{"line":70,"column":24},"end":{"line":70,"column":68}},"line":70},"5":{"name":"(anonymous_5)","decl":{"start":{"line":71,"column":13},"end":{"line":71,"column":14}},"loc":{"start":{"line":72,"column":3},"end":{"line":75,"column":4}},"line":72}},"branchMap":{"0":{"loc":{"start":{"line":12,"column":3},"end":{"line":15,"column":4}},"type":"if","locations":[{"start":{"line":12,"column":3},"end":{"line":15,"column":4}},{"start":{},"end":{}}],"line":12},"1":{"loc":{"start":{"line":17,"column":3},"end":{"line":24,"column":4}},"type":"if","locations":[{"start":{"line":17,"column":3},"end":{"line":24,"column":4}},{"start":{"line":22,"column":3},"end":{"line":24,"column":4}}],"line":17},"2":{"loc":{"start":{"line":26,"column":10},"end":{"line":26,"column":54}},"type":"cond-expr","locations":[{"start":{"line":26,"column":20},"end":{"line":26,"column":45}},{"start":{"line":26,"column":48},"end":{"line":26,"column":54}}],"line":26},"3":{"loc":{"start":{"line":36,"column":6},"end":{"line":39,"column":7}},"type":"if","locations":[{"start":{"line":36,"column":6},"end":{"line":39,"column":7}},{"start":{},"end":{}}],"line":36},"4":{"loc":{"start":{"line":36,"column":10},"end":{"line":36,"column":95}},"type":"binary-expr","locations":[{"start":{"line":36,"column":10},"end":{"line":36,"column":15}},{"start":{"line":36,"column":19},"end":{"line":36,"column":95}}],"line":36},"5":{"loc":{"start":{"line":50,"column":6},"end":{"line":53,"column":7}},"type":"if","locations":[{"start":{"line":50,"column":6},"end":{"line":53,"column":7}},{"start":{},"end":{}}],"line":50},"6":{"loc":{"start":{"line":50,"column":10},"end":{"line":50,"column":60}},"type":"binary-expr","locations":[{"start":{"line":50,"column":10},"end":{"line":50,"column":15}},{"start":{"line":50,"column":19},"end":{"line":50,"column":60}}],"line":50},"7":{"loc":{"start":{"line":63,"column":6},"end":{"line":63,"column":55}},"type":"if","locations":[{"start":{"line":63,"column":6},"end":{"line":63,"column":55}},{"start":{},"end":{}}],"line":63}},"s":{"0":0,"1":0,"2":0,"3":0,"4":0,"5":0,"6":1,"7":0,"8":0,"9":0,"10":1,"11":0,"12":0,"13":0,"14":1,"15":0,"16":0,"17":0,"18":1,"19":0,"20":0,"21":0},"f":{"0":0,"1":0,"2":0,"3":0,"4":0,"5":0},"b":{"0":[0,0],"1":[0,0],"2":[0,0],"3":[0,0],"4":[0,0],"5":[0,0],"6":[0,0],"7":[0,0]},"inputSourceMap":null,"_coverageSchema":"1a1c01bbd47fc00a2c39e90264f33305004495a9","hash":"ee5ae0e47fc6cb03e52d0ca1d920b1f9f59505c4"}
,"C:\\Users\\tomas\\Documents\\2_Tecnicos\\FoundryVtt Modulos\\foundryvtt-forien-quest-log\\src\\view\\log\\QuestLog.js": {"path":"C:\\Users\\tomas\\Documents\\2_Tecnicos\\FoundryVtt Modulos\\foundryvtt-forien-quest-log\\src\\view\\log\\QuestLog.js","statementMap":{"0":{"start":{"line":19,"column":54},"end":{"line":19,"column":78}},"1":{"start":{"line":28,"column":6},"end":{"line":28,"column":21}},"2":{"start":{"line":30,"column":6},"end":{"line":30,"column":28}},"3":{"start":{"line":31,"column":6},"end":{"line":31,"column":29}},"4":{"start":{"line":35,"column":28},"end":{"line":65,"column":4}},"5":{"start":{"line":47,"column":30},"end":{"line":47,"column":44}},"6":{"start":{"line":68,"column":18},"end":{"line":73,"column":4}},"7":{"start":{"line":78,"column":22},"end":{"line":78,"column":58}},"8":{"start":{"line":80,"column":24},"end":{"line":80,"column":45}},"9":{"start":{"line":83,"column":29},"end":{"line":83,"column":65}},"10":{"start":{"line":85,"column":6},"end":{"line":98,"column":8}},"11":{"start":{"line":103,"column":21},"end":{"line":103,"column":23}},"12":{"start":{"line":104,"column":20},"end":{"line":104,"column":50}},"13":{"start":{"line":106,"column":6},"end":{"line":130,"column":7}},"14":{"start":{"line":108,"column":24},"end":{"line":108,"column":28}},"15":{"start":{"line":111,"column":9},"end":{"line":114,"column":10}},"16":{"start":{"line":113,"column":12},"end":{"line":113,"column":78}},"17":{"start":{"line":113,"column":40},"end":{"line":113,"column":76}},"18":{"start":{"line":119,"column":9},"end":{"line":126,"column":10}},"19":{"start":{"line":121,"column":12},"end":{"line":121,"column":61}},"20":{"start":{"line":121,"column":36},"end":{"line":121,"column":59}},"21":{"start":{"line":123,"column":14},"end":{"line":126,"column":10}},"22":{"start":{"line":125,"column":13},"end":{"line":125,"column":84}},"23":{"start":{"line":125,"column":37},"end":{"line":125,"column":82}},"24":{"start":{"line":129,"column":9},"end":{"line":129,"column":35}},"25":{"start":{"line":131,"column":6},"end":{"line":131,"column":20}},"26":{"start":{"line":137,"column":6},"end":{"line":137,"column":40}},"27":{"start":{"line":141,"column":19},"end":{"line":141,"column":31}},"28":{"start":{"line":143,"column":24},"end":{"line":143,"column":60}},"29":{"start":{"line":144,"column":6},"end":{"line":147,"column":7}},"30":{"start":{"line":145,"column":9},"end":{"line":145,"column":48}},"31":{"start":{"line":146,"column":9},"end":{"line":146,"column":71}},"32":{"start":{"line":150,"column":6},"end":{"line":150,"column":30}},"33":{"start":{"line":158,"column":20},"end":{"line":158,"column":27}},"34":{"start":{"line":160,"column":29},"end":{"line":163,"column":7}},"35":{"start":{"line":165,"column":30},"end":{"line":168,"column":7}},"36":{"start":{"line":170,"column":6},"end":{"line":178,"column":7}},"37":{"start":{"line":172,"column":9},"end":{"line":175,"column":11}},"38":{"start":{"line":177,"column":9},"end":{"line":177,"column":57}},"39":{"start":{"line":180,"column":6},"end":{"line":180,"column":110}},"40":{"start":{"line":181,"column":6},"end":{"line":181,"column":105}},"41":{"start":{"line":188,"column":6},"end":{"line":192,"column":7}},"42":{"start":{"line":190,"column":23},"end":{"line":190,"column":50}},"43":{"start":{"line":191,"column":9},"end":{"line":191,"column":43}},"44":{"start":{"line":197,"column":22},"end":{"line":197,"column":44}},"45":{"start":{"line":198,"column":19},"end":{"line":198,"column":43}},"46":{"start":{"line":200,"column":21},"end":{"line":200,"column":109}},"47":{"start":{"line":201,"column":6},"end":{"line":204,"column":7}},"48":{"start":{"line":203,"column":9},"end":{"line":203,"column":56}},"49":{"start":{"line":209,"column":22},"end":{"line":209,"column":68}},"50":{"start":{"line":210,"column":6},"end":{"line":210,"column":46}},"51":{"start":{"line":210,"column":19},"end":{"line":210,"column":46}},"52":{"start":{"line":215,"column":27},"end":{"line":215,"column":48}},"53":{"start":{"line":216,"column":22},"end":{"line":216,"column":44}},"54":{"start":{"line":218,"column":20},"end":{"line":218,"column":45}},"55":{"start":{"line":219,"column":6},"end":{"line":219,"column":82}},"56":{"start":{"line":219,"column":19},"end":{"line":219,"column":80}},"57":{"start":{"line":226,"column":24},"end":{"line":226,"column":101}},"58":{"start":{"line":227,"column":6},"end":{"line":227,"column":37}},"59":{"start":{"line":232,"column":6},"end":{"line":232,"column":38}},"60":{"start":{"line":233,"column":6},"end":{"line":233,"column":20}},"61":{"start":{"line":238,"column":6},"end":{"line":238,"column":34}},"62":{"start":{"line":239,"column":6},"end":{"line":239,"column":20}}},"fnMap":{"0":{"name":"(anonymous_0)","decl":{"start":{"line":26,"column":3},"end":{"line":26,"column":4}},"loc":{"start":{"line":27,"column":3},"end":{"line":32,"column":4}},"line":27},"1":{"name":"(anonymous_1)","decl":{"start":{"line":47,"column":24},"end":{"line":47,"column":25}},"loc":{"start":{"line":47,"column":30},"end":{"line":47,"column":44}},"line":47},"2":{"name":"(anonymous_2)","decl":{"start":{"line":76,"column":3},"end":{"line":76,"column":4}},"loc":{"start":{"line":77,"column":3},"end":{"line":99,"column":4}},"line":77},"3":{"name":"(anonymous_3)","decl":{"start":{"line":101,"column":3},"end":{"line":101,"column":4}},"loc":{"start":{"line":102,"column":3},"end":{"line":132,"column":4}},"line":102},"4":{"name":"(anonymous_4)","decl":{"start":{"line":113,"column":35},"end":{"line":113,"column":36}},"loc":{"start":{"line":113,"column":40},"end":{"line":113,"column":76}},"line":113},"5":{"name":"(anonymous_5)","decl":{"start":{"line":121,"column":26},"end":{"line":121,"column":27}},"loc":{"start":{"line":121,"column":36},"end":{"line":121,"column":59}},"line":121},"6":{"name":"(anonymous_6)","decl":{"start":{"line":125,"column":27},"end":{"line":125,"column":28}},"loc":{"start":{"line":125,"column":37},"end":{"line":125,"column":82}},"line":125},"7":{"name":"(anonymous_7)","decl":{"start":{"line":135,"column":3},"end":{"line":135,"column":4}},"loc":{"start":{"line":136,"column":3},"end":{"line":151,"column":4}},"line":136},"8":{"name":"(anonymous_8)","decl":{"start":{"line":186,"column":3},"end":{"line":186,"column":4}},"loc":{"start":{"line":187,"column":3},"end":{"line":193,"column":4}},"line":187},"9":{"name":"(anonymous_9)","decl":{"start":{"line":195,"column":3},"end":{"line":195,"column":4}},"loc":{"start":{"line":196,"column":3},"end":{"line":205,"column":4}},"line":196},"10":{"name":"(anonymous_10)","decl":{"start":{"line":207,"column":3},"end":{"line":207,"column":4}},"loc":{"start":{"line":208,"column":3},"end":{"line":211,"column":4}},"line":208},"11":{"name":"(anonymous_11)","decl":{"start":{"line":213,"column":3},"end":{"line":213,"column":4}},"loc":{"start":{"line":214,"column":3},"end":{"line":220,"column":4}},"line":214},"12":{"name":"(anonymous_12)","decl":{"start":{"line":222,"column":3},"end":{"line":222,"column":4}},"loc":{"start":{"line":223,"column":3},"end":{"line":228,"column":4}},"line":223},"13":{"name":"(anonymous_13)","decl":{"start":{"line":230,"column":3},"end":{"line":230,"column":4}},"loc":{"start":{"line":231,"column":3},"end":{"line":234,"column":4}},"line":231},"14":{"name":"(anonymous_14)","decl":{"start":{"line":236,"column":3},"end":{"line":236,"column":4}},"loc":{"start":{"line":237,"column":3},"end":{"line":240,"column":4}},"line":237}},"branchMap":{"0":{"loc":{"start":{"line":26,"column":15},"end":{"line":26,"column":27}},"type":"default-arg","locations":[{"start":{"line":26,"column":25},"end":{"line":26,"column":27}}],"line":26},"1":{"loc":{"start":{"line":111,"column":9},"end":{"line":114,"column":10}},"type":"if","locations":[{"start":{"line":111,"column":9},"end":{"line":114,"column":10}},{"start":{},"end":{}}],"line":111},"2":{"loc":{"start":{"line":119,"column":9},"end":{"line":126,"column":10}},"type":"if","locations":[{"start":{"line":119,"column":9},"end":{"line":126,"column":10}},{"start":{"line":123,"column":14},"end":{"line":126,"column":10}}],"line":119},"3":{"loc":{"start":{"line":123,"column":14},"end":{"line":126,"column":10}},"type":"if","locations":[{"start":{"line":123,"column":14},"end":{"line":126,"column":10}},{"start":{},"end":{}}],"line":123},"4":{"loc":{"start":{"line":125,"column":38},"end":{"line":125,"column":57}},"type":"binary-expr","locations":[{"start":{"line":125,"column":38},"end":{"line":125,"column":52}},{"start":{"line":125,"column":56},"end":{"line":125,"column":57}}],"line":125},"5":{"loc":{"start":{"line":125,"column":62},"end":{"line":125,"column":81}},"type":"binary-expr","locations":[{"start":{"line":125,"column":62},"end":{"line":125,"column":76}},{"start":{"line":125,"column":80},"end":{"line":125,"column":81}}],"line":125},"6":{"loc":{"start":{"line":170,"column":6},"end":{"line":178,"column":7}},"type":"if","locations":[{"start":{"line":170,"column":6},"end":{"line":178,"column":7}},{"start":{},"end":{}}],"line":170},"7":{"loc":{"start":{"line":188,"column":6},"end":{"line":192,"column":7}},"type":"if","locations":[{"start":{"line":188,"column":6},"end":{"line":192,"column":7}},{"start":{},"end":{}}],"line":188},"8":{"loc":{"start":{"line":201,"column":6},"end":{"line":204,"column":7}},"type":"if","locations":[{"start":{"line":201,"column":6},"end":{"line":204,"column":7}},{"start":{},"end":{}}],"line":201},"9":{"loc":{"start":{"line":210,"column":6},"end":{"line":210,"column":46}},"type":"if","locations":[{"start":{"line":210,"column":6},"end":{"line":210,"column":46}},{"start":{},"end":{}}],"line":210},"10":{"loc":{"start":{"line":219,"column":6},"end":{"line":219,"column":82}},"type":"if","locations":[{"start":{"line":219,"column":6},"end":{"line":219,"column":82}},{"start":{},"end":{}}],"line":219},"11":{"loc":{"start":{"line":226,"column":24},"end":{"line":226,"column":101}},"type":"binary-expr","locations":[{"start":{"line":226,"column":24},"end":{"line":226,"column":89}},{"start":{"line":226,"column":93},"end":{"line":226,"column":101}}],"line":226}},"s":{"0":1,"1":4,"2":4,"3":4,"4":1,"5":0,"6":1,"7":0,"8":0,"9":0,"10":0,"11":4,"12":4,"13":4,"14":8,"15":8,"16":2,"17":3,"18":8,"19":2,"20":3,"21":6,"22":2,"23":3,"24":8,"25":4,"26":0,"27":0,"28":0,"29":0,"30":0,"31":0,"32":0,"33":0,"34":0,"35":0,"36":0,"37":0,"38":0,"39":0,"40":0,"41":0,"42":0,"43":0,"44":0,"45":0,"46":0,"47":0,"48":0,"49":0,"50":0,"51":0,"52":0,"53":0,"54":0,"55":0,"56":0,"57":0,"58":0,"59":0,"60":0,"61":0,"62":0},"f":{"0":4,"1":0,"2":0,"3":4,"4":3,"5":3,"6":3,"7":0,"8":0,"9":0,"10":0,"11":0,"12":0,"13":0,"14":0},"b":{"0":[4],"1":[2,6],"2":[2,6],"3":[2,4],"4":[3,0],"5":[3,0],"6":[0,0],"7":[0,0],"8":[0,0],"9":[0,0],"10":[0,0],"11":[0,0]},"inputSourceMap":null,"_coverageSchema":"1a1c01bbd47fc00a2c39e90264f33305004495a9","hash":"b143924af2b4025d7d5a1a11bfbd4420a4eeed18"}
,"C:\\Users\\tomas\\Documents\\2_Tecnicos\\FoundryVtt Modulos\\foundryvtt-forien-quest-log\\tests\\mocks\\control\\index.js": {"path":"C:\\Users\\tomas\\Documents\\2_Tecnicos\\FoundryVtt Modulos\\foundryvtt-forien-quest-log\\tests\\mocks\\control\\index.js","statementMap":{"0":{"start":{"line":3,"column":23},"end":{"line":6,"column":1}},"1":{"start":{"line":7,"column":22},"end":{"line":9,"column":1}},"2":{"start":{"line":10,"column":21},"end":{"line":13,"column":1}},"3":{"start":{"line":11,"column":16},"end":{"line":11,"column":24}},"4":{"start":{"line":12,"column":29},"end":{"line":12,"column":34}},"5":{"start":{"line":14,"column":26},"end":{"line":14,"column":28}}},"fnMap":{"0":{"name":"(anonymous_0)","decl":{"start":{"line":11,"column":10},"end":{"line":11,"column":11}},"loc":{"start":{"line":11,"column":16},"end":{"line":11,"column":24}},"line":11},"1":{"name":"(anonymous_1)","decl":{"start":{"line":12,"column":23},"end":{"line":12,"column":24}},"loc":{"start":{"line":12,"column":29},"end":{"line":12,"column":34}},"line":12}},"branchMap":{},"s":{"0":2,"1":2,"2":2,"3":3,"4":0,"5":2},"f":{"0":3,"1":0},"b":{},"inputSourceMap":null,"_coverageSchema":"1a1c01bbd47fc00a2c39e90264f33305004495a9","hash":"b323339ae91463e8e4bf4d53be351930f4a5b960"}
,"C:\\Users\\tomas\\Documents\\2_Tecnicos\\FoundryVtt Modulos\\foundryvtt-forien-quest-log\\tests\\mocks\\model\\constants.js": {"path":"C:\\Users\\tomas\\Documents\\2_Tecnicos\\FoundryVtt Modulos\\foundryvtt-forien-quest-log\\tests\\mocks\\model\\constants.js","statementMap":{"0":{"start":{"line":1,"column":25},"end":{"line":1,"column":59}},"1":{"start":{"line":2,"column":27},"end":{"line":2,"column":135}},"2":{"start":{"line":3,"column":31},"end":{"line":3,"column":33}},"3":{"start":{"line":4,"column":24},"end":{"line":4,"column":26}}},"fnMap":{},"branchMap":{},"s":{"0":2,"1":2,"2":2,"3":2},"f":{},"b":{},"inputSourceMap":null,"_coverageSchema":"1a1c01bbd47fc00a2c39e90264f33305004495a9","hash":"6eb7d40e16f298ea5c9899b03c47b50ec13e481b"}
,"C:\\Users\\tomas\\Documents\\2_Tecnicos\\FoundryVtt Modulos\\foundryvtt-forien-quest-log\\tests\\mocks\\view\\HandlerLog.js": {"path":"C:\\Users\\tomas\\Documents\\2_Tecnicos\\FoundryVtt Modulos\\foundryvtt-forien-quest-log\\tests\\mocks\\view\\HandlerLog.js","statementMap":{"0":{"start":{"line":1,"column":26},"end":{"line":3,"column":1}}},"fnMap":{"0":{"name":"(anonymous_0)","decl":{"start":{"line":2,"column":18},"end":{"line":2,"column":19}},"loc":{"start":{"line":2,"column":24},"end":{"line":2,"column":26}},"line":2}},"branchMap":{},"s":{"0":1},"f":{"0":0},"b":{},"inputSourceMap":null,"_coverageSchema":"1a1c01bbd47fc00a2c39e90264f33305004495a9","hash":"ef8aedc4912e9c8fdfdeda0639646cb5f8342469"}
,"C:\\Users\\tomas\\Documents\\2_Tecnicos\\FoundryVtt Modulos\\foundryvtt-forien-quest-log\\tests\\mocks\\view\\index.js": {"path":"C:\\Users\\tomas\\Documents\\2_Tecnicos\\FoundryVtt Modulos\\foundryvtt-forien-quest-log\\tests\\mocks\\view\\index.js","statementMap":{},"fnMap":{"0":{"name":"(anonymous_0)","decl":{"start":{"line":2,"column":2},"end":{"line":2,"column":3}},"loc":{"start":{"line":2,"column":18},"end":{"line":2,"column":20}},"line":2}},"branchMap":{},"s":{},"f":{"0":7},"b":{},"inputSourceMap":null,"_coverageSchema":"1a1c01bbd47fc00a2c39e90264f33305004495a9","hash":"6be924328eb178eabf7314f90a5624104a7ed096"}
,"C:\\Users\\tomas\\Documents\\2_Tecnicos\\FoundryVtt Modulos\\foundryvtt-forien-quest-log\\tests\\mocks\\view\\internal\\index.js": {"path":"C:\\Users\\tomas\\Documents\\2_Tecnicos\\FoundryVtt Modulos\\foundryvtt-forien-quest-log\\tests\\mocks\\view\\internal\\index.js","statementMap":{"0":{"start":{"line":5,"column":38},"end":{"line":5,"column":51}}},"fnMap":{"0":{"name":"(anonymous_0)","decl":{"start":{"line":2,"column":2},"end":{"line":2,"column":3}},"loc":{"start":{"line":2,"column":16},"end":{"line":2,"column":18}},"line":2},"1":{"name":"(anonymous_1)","decl":{"start":{"line":5,"column":2},"end":{"line":5,"column":3}},"loc":{"start":{"line":5,"column":36},"end":{"line":5,"column":53}},"line":5}},"branchMap":{},"s":{"0":0},"f":{"0":0,"1":0},"b":{},"inputSourceMap":null,"_coverageSchema":"1a1c01bbd47fc00a2c39e90264f33305004495a9","hash":"961fa2bba5fda569746cfc9e2fc56ba75e509a1c"}
}
