TN:
SF:src\model\Quest.js
FN:56,(anonymous_0)
FN:83,(anonymous_1)
FN:140,(anonymous_2)
FN:157,(anonymous_3)
FN:167,(anonymous_4)
FN:177,(anonymous_5)
FN:187,(anonymous_6)
FN:197,(anonymous_7)
FN:205,(anonymous_8)
FN:215,(anonymous_9)
FN:245,(anonymous_10)
FN:256,(anonymous_11)
FN:274,(anonymous_12)
FN:286,(anonymous_13)
FN:316,(anonymous_14)
FN:326,(anonymous_15)
FN:336,(anonymous_16)
FN:347,(anonymous_17)
FN:358,(anonymous_18)
FN:371,(anonymous_19)
FN:382,(anonymous_20)
FN:394,(anonymous_21)
FN:396,(anonymous_22)
FN:405,(anonymous_23)
FN:435,(anonymous_24)
FN:444,(anonymous_25)
FN:446,(anonymous_26)
FN:455,(anonymous_27)
FN:542,(anonymous_28)
FN:547,(anonymous_29)
FN:599,(anonymous_30)
FN:601,(anonymous_31)
FN:610,(anonymous_32)
FN:612,(anonymous_33)
FN:622,(anonymous_34)
FN:624,(anonymous_35)
FN:631,(anonymous_36)
FN:645,(anonymous_37)
FN:671,(anonymous_38)
FN:680,(anonymous_39)
FN:733,(anonymous_40)
FN:735,(anonymous_41)
FN:736,(anonymous_42)
FN:752,(anonymous_43)
FN:757,(anonymous_44)
FN:758,(anonymous_45)
FN:770,(anonymous_46)
FN:799,(anonymous_47)
FN:811,(anonymous_48)
FN:821,(anonymous_49)
FN:831,(anonymous_50)
FN:850,(anonymous_51)
FN:883,(anonymous_52)
FN:890,(anonymous_53)
FN:897,(anonymous_54)
FN:913,(anonymous_55)
FN:924,(anonymous_56)
FN:939,(anonymous_57)
FN:972,(anonymous_58)
FN:990,(anonymous_59)
FN:1005,(anonymous_60)
FN:1027,(anonymous_61)
FNF:62
FNH:17
FNDA:0,(anonymous_0)
FNDA:0,(anonymous_1)
FNDA:7,(anonymous_2)
FNDA:0,(anonymous_3)
FNDA:2,(anonymous_4)
FNDA:1,(anonymous_5)
FNDA:0,(anonymous_6)
FNDA:0,(anonymous_7)
FNDA:0,(anonymous_8)
FNDA:0,(anonymous_9)
FNDA:0,(anonymous_10)
FNDA:0,(anonymous_11)
FNDA:0,(anonymous_12)
FNDA:0,(anonymous_13)
FNDA:0,(anonymous_14)
FNDA:0,(anonymous_15)
FNDA:8,(anonymous_16)
FNDA:1,(anonymous_17)
FNDA:1,(anonymous_18)
FNDA:2,(anonymous_19)
FNDA:0,(anonymous_20)
FNDA:0,(anonymous_21)
FNDA:0,(anonymous_22)
FNDA:0,(anonymous_23)
FNDA:0,(anonymous_24)
FNDA:0,(anonymous_25)
FNDA:0,(anonymous_26)
FNDA:7,(anonymous_27)
FNDA:0,(anonymous_28)
FNDA:0,(anonymous_29)
FNDA:1,(anonymous_30)
FNDA:1,(anonymous_31)
FNDA:1,(anonymous_32)
FNDA:1,(anonymous_33)
FNDA:0,(anonymous_34)
FNDA:0,(anonymous_35)
FNDA:0,(anonymous_36)
FNDA:0,(anonymous_37)
FNDA:0,(anonymous_38)
FNDA:1,(anonymous_39)
FNDA:0,(anonymous_40)
FNDA:0,(anonymous_41)
FNDA:0,(anonymous_42)
FNDA:0,(anonymous_43)
FNDA:0,(anonymous_44)
FNDA:0,(anonymous_45)
FNDA:2,(anonymous_46)
FNDA:0,(anonymous_47)
FNDA:0,(anonymous_48)
FNDA:0,(anonymous_49)
FNDA:0,(anonymous_50)
FNDA:1,(anonymous_51)
FNDA:0,(anonymous_52)
FNDA:0,(anonymous_53)
FNDA:0,(anonymous_54)
FNDA:0,(anonymous_55)
FNDA:0,(anonymous_56)
FNDA:2,(anonymous_57)
FNDA:0,(anonymous_58)
FNDA:0,(anonymous_59)
FNDA:3,(anonymous_60)
FNDA:0,(anonymous_61)
DA:58,0
DA:60,0
DA:62,0
DA:68,0
DA:70,0
DA:73,0
DA:85,0
DA:87,0
DA:89,0
DA:91,0
DA:93,0
DA:97,0
DA:98,0
DA:100,0
DA:102,0
DA:108,0
DA:112,0
DA:118,0
DA:121,0
DA:127,0
DA:132,0
DA:142,7
DA:144,7
DA:146,7
DA:148,7
DA:150,7
DA:159,0
DA:161,0
DA:169,2
DA:179,1
DA:189,0
DA:199,0
DA:207,0
DA:217,0
DA:219,0
DA:221,0
DA:223,0
DA:225,0
DA:227,0
DA:229,0
DA:231,0
DA:233,0
DA:234,0
DA:239,0
DA:247,0
DA:258,0
DA:260,0
DA:263,0
DA:266,0
DA:276,0
DA:288,0
DA:290,0
DA:293,0
DA:295,0
DA:297,0
DA:299,0
DA:301,0
DA:303,0
DA:304,0
DA:308,0
DA:318,0
DA:328,0
DA:338,8
DA:349,1
DA:350,1
DA:360,1
DA:362,1
DA:373,2
DA:374,2
DA:384,0
DA:396,0
DA:397,0
DA:407,0
DA:409,0
DA:411,0
DA:413,0
DA:415,0
DA:417,0
DA:419,0
DA:421,0
DA:423,0
DA:427,0
DA:435,0
DA:446,0
DA:447,0
DA:457,7
DA:462,7
DA:467,7
DA:472,7
DA:477,7
DA:482,7
DA:487,7
DA:492,7
DA:497,7
DA:502,7
DA:507,7
DA:512,7
DA:517,7
DA:522,7
DA:527,7
DA:532,7
DA:537,7
DA:542,7
DA:547,7
DA:550,7
DA:552,7
DA:559,0
DA:567,7
DA:571,7
DA:574,0
DA:575,0
DA:576,0
DA:580,0
DA:581,0
DA:582,0
DA:587,7
DA:588,7
DA:589,7
DA:601,1
DA:602,1
DA:612,1
DA:624,0
DA:625,0
DA:633,0
DA:634,0
DA:635,0
DA:636,0
DA:647,0
DA:650,0
DA:653,0
DA:661,0
DA:663,0
DA:671,0
DA:682,1
DA:684,1
DA:687,1
DA:690,0
DA:691,0
DA:692,0
DA:696,1
DA:697,1
DA:702,0
DA:703,0
DA:704,0
DA:708,1
DA:710,1
DA:711,1
DA:713,0
DA:717,1
DA:723,1
DA:735,0
DA:736,0
DA:738,0
DA:740,0
DA:741,0
DA:755,0
DA:757,0
DA:758,0
DA:760,0
DA:762,0
DA:763,0
DA:772,2
DA:801,0
DA:813,0
DA:823,0
DA:833,0
DA:835,0
DA:855,1
DA:860,1
DA:865,1
DA:870,1
DA:875,1
DA:883,0
DA:890,0
DA:899,0
DA:915,0
DA:916,0
DA:926,0
DA:927,0
DA:944,2
DA:949,2
DA:954,2
DA:959,2
DA:964,2
DA:974,0
DA:976,0
DA:978,0
DA:980,0
DA:982,0
DA:992,0
DA:1007,3
DA:1009,1
DA:1011,2
DA:1013,1
DA:1014,1
DA:1018,1
DA:1029,0
DA:1031,0
LF:198
LH:70
BRDA:60,0,0,0
BRDA:60,0,1,0
BRDA:68,1,0,0
BRDA:68,1,1,0
BRDA:83,2,0,0
BRDA:87,3,0,0
BRDA:87,3,1,0
BRDA:91,4,0,0
BRDA:91,4,1,0
BRDA:93,5,0,0
BRDA:93,5,1,0
BRDA:93,5,2,0
BRDA:100,6,0,0
BRDA:100,6,1,0
BRDA:105,7,0,0
BRDA:105,7,1,0
BRDA:105,8,0,0
BRDA:105,8,1,0
BRDA:140,9,0,0
BRDA:140,10,0,0
BRDA:142,11,0,7
BRDA:142,11,1,0
BRDA:148,12,0,7
BRDA:148,12,1,0
BRDA:148,13,0,7
BRDA:148,13,1,7
BRDA:159,14,0,0
BRDA:159,14,1,0
BRDA:161,15,0,0
BRDA:161,15,1,0
BRDA:219,16,0,0
BRDA:219,16,1,0
BRDA:219,17,0,0
BRDA:219,17,1,0
BRDA:221,18,0,0
BRDA:221,18,1,0
BRDA:225,19,0,0
BRDA:225,19,1,0
BRDA:229,20,0,0
BRDA:229,20,1,0
BRDA:229,21,0,0
BRDA:229,21,1,0
BRDA:231,22,0,0
BRDA:231,22,1,0
BRDA:258,23,0,0
BRDA:258,23,1,0
BRDA:263,24,0,0
BRDA:263,24,1,0
BRDA:263,25,0,0
BRDA:263,25,1,0
BRDA:266,26,0,0
BRDA:266,26,1,0
BRDA:276,27,0,0
BRDA:276,27,1,0
BRDA:276,27,2,0
BRDA:290,28,0,0
BRDA:290,28,1,0
BRDA:290,29,0,0
BRDA:290,29,1,0
BRDA:290,29,2,0
BRDA:295,30,0,0
BRDA:295,30,1,0
BRDA:299,31,0,0
BRDA:299,31,1,0
BRDA:299,32,0,0
BRDA:299,32,1,0
BRDA:301,33,0,0
BRDA:301,33,1,0
BRDA:338,34,0,8
BRDA:338,34,1,0
BRDA:338,35,0,8
BRDA:338,35,1,8
BRDA:347,36,0,0
BRDA:350,37,0,1
BRDA:350,37,1,0
BRDA:360,38,0,1
BRDA:360,38,1,0
BRDA:371,39,0,0
BRDA:374,40,0,2
BRDA:374,40,1,0
BRDA:374,41,0,2
BRDA:374,41,1,2
BRDA:384,42,0,0
BRDA:384,42,1,0
BRDA:397,43,0,0
BRDA:397,43,1,0
BRDA:407,44,0,0
BRDA:407,44,1,0
BRDA:411,45,0,0
BRDA:411,45,1,0
BRDA:411,46,0,0
BRDA:411,46,1,0
BRDA:415,47,0,0
BRDA:415,47,1,0
BRDA:419,48,0,0
BRDA:419,48,1,0
BRDA:419,49,0,0
BRDA:419,49,1,0
BRDA:421,50,0,0
BRDA:421,50,1,0
BRDA:447,51,0,0
BRDA:447,51,1,0
BRDA:457,52,0,7
BRDA:457,52,1,7
BRDA:462,53,0,7
BRDA:462,53,1,7
BRDA:467,54,0,7
BRDA:467,54,1,7
BRDA:472,55,0,7
BRDA:472,55,1,7
BRDA:477,56,0,7
BRDA:477,56,1,7
BRDA:482,57,0,7
BRDA:482,57,1,7
BRDA:487,58,0,7
BRDA:487,58,1,7
BRDA:492,59,0,7
BRDA:492,59,1,7
BRDA:497,60,0,7
BRDA:497,60,1,7
BRDA:502,61,0,7
BRDA:502,61,1,7
BRDA:507,62,0,0
BRDA:507,62,1,7
BRDA:512,63,0,7
BRDA:512,63,1,7
BRDA:517,64,0,7
BRDA:517,64,1,7
BRDA:522,65,0,7
BRDA:522,65,1,7
BRDA:527,66,0,7
BRDA:527,66,1,7
BRDA:532,67,0,7
BRDA:532,67,1,7
BRDA:537,68,0,7
BRDA:537,68,1,7
BRDA:542,69,0,0
BRDA:542,69,1,7
BRDA:547,70,0,0
BRDA:547,70,1,7
BRDA:550,71,0,0
BRDA:550,71,1,7
BRDA:552,72,0,0
BRDA:552,72,1,7
BRDA:560,73,0,0
BRDA:560,73,1,0
BRDA:561,74,0,0
BRDA:561,74,1,0
BRDA:562,75,0,0
BRDA:562,75,1,0
BRDA:571,76,0,0
BRDA:571,76,1,0
BRDA:571,76,2,0
BRDA:571,76,3,7
BRDA:571,76,4,7
BRDA:571,76,5,7
BRDA:602,77,0,1
BRDA:602,77,1,0
BRDA:625,78,0,0
BRDA:625,78,1,0
BRDA:647,79,0,0
BRDA:647,79,1,0
BRDA:650,80,0,0
BRDA:650,80,1,0
BRDA:650,81,0,0
BRDA:650,81,1,0
BRDA:654,82,0,0
BRDA:654,82,1,0
BRDA:654,83,0,0
BRDA:654,83,1,0
BRDA:682,84,0,0
BRDA:682,84,1,1
BRDA:682,85,0,1
BRDA:682,85,1,1
BRDA:687,86,0,0
BRDA:687,86,1,1
BRDA:687,86,2,1
BRDA:687,86,3,0
BRDA:687,86,4,0
BRDA:687,86,5,0
BRDA:708,87,0,1
BRDA:708,87,1,0
BRDA:711,88,0,0
BRDA:711,88,1,1
BRDA:738,89,0,0
BRDA:738,89,1,0
BRDA:738,90,0,0
BRDA:738,90,1,0
BRDA:755,91,0,0
BRDA:755,91,1,0
BRDA:760,92,0,0
BRDA:760,92,1,0
BRDA:760,93,0,0
BRDA:760,93,1,0
BRDA:801,94,0,0
BRDA:801,94,1,0
BRDA:835,95,0,0
BRDA:835,95,1,0
BRDA:850,96,0,0
BRDA:855,97,0,1
BRDA:855,97,1,0
BRDA:860,98,0,1
BRDA:860,98,1,0
BRDA:865,99,0,0
BRDA:865,99,1,1
BRDA:870,100,0,0
BRDA:870,100,1,1
BRDA:875,101,0,1
BRDA:875,101,1,1
BRDA:939,102,0,0
BRDA:944,103,0,2
BRDA:944,103,1,0
BRDA:949,104,0,2
BRDA:949,104,1,2
BRDA:954,105,0,2
BRDA:954,105,1,2
BRDA:959,106,0,2
BRDA:959,106,1,2
BRDA:964,107,0,2
BRDA:964,107,1,2
BRDA:974,108,0,0
BRDA:974,108,1,0
BRDA:978,109,0,0
BRDA:978,109,1,0
BRDA:1007,110,0,1
BRDA:1007,110,1,2
BRDA:1007,111,0,3
BRDA:1007,111,1,2
BRDA:1011,112,0,1
BRDA:1011,112,1,1
BRF:230
BRH:81
end_of_record
TN:
SF:src\model\constants.js
FNF:0
FNH:0
DA:6,1
DA:17,1
DA:34,1
DA:47,1
DA:61,1
DA:74,1
DA:84,1
DA:108,1
LF:8
LH:8
BRF:0
BRH:0
end_of_record
TN:
SF:src\view\internal\context-options.js
FN:8,getQuestFromElement
FN:32,(anonymous_1)
FN:46,(anonymous_2)
FN:60,(anonymous_3)
FN:70,(anonymous_4)
FN:71,(anonymous_5)
FNF:6
FNH:0
FNDA:0,getQuestFromElement
FNDA:0,(anonymous_1)
FNDA:0,(anonymous_2)
FNDA:0,(anonymous_3)
FNDA:0,(anonymous_4)
FNDA:0,(anonymous_5)
DA:12,0
DA:14,0
DA:17,0
DA:19,0
DA:23,0
DA:26,0
DA:29,1
DA:34,0
DA:36,0
DA:38,0
DA:43,1
DA:48,0
DA:50,0
DA:52,0
DA:57,1
DA:62,0
DA:63,0
DA:67,1
DA:70,0
DA:73,0
DA:74,0
LF:21
LH:4
BRDA:12,0,0,0
BRDA:12,0,1,0
BRDA:17,1,0,0
BRDA:17,1,1,0
BRDA:26,2,0,0
BRDA:26,2,1,0
BRDA:36,3,0,0
BRDA:36,3,1,0
BRDA:36,4,0,0
BRDA:36,4,1,0
BRDA:50,5,0,0
BRDA:50,5,1,0
BRDA:50,6,0,0
BRDA:50,6,1,0
BRDA:63,7,0,0
BRDA:63,7,1,0
BRF:16
BRH:0
end_of_record
TN:
SF:src\view\log\QuestLog.js
FN:26,(anonymous_0)
FN:47,(anonymous_1)
FN:76,(anonymous_2)
FN:101,(anonymous_3)
FN:113,(anonymous_4)
FN:121,(anonymous_5)
FN:125,(anonymous_6)
FN:135,(anonymous_7)
FN:186,(anonymous_8)
FN:195,(anonymous_9)
FN:207,(anonymous_10)
FN:213,(anonymous_11)
FN:222,(anonymous_12)
FN:230,(anonymous_13)
FN:236,(anonymous_14)
FNF:15
FNH:5
FNDA:4,(anonymous_0)
FNDA:0,(anonymous_1)
FNDA:0,(anonymous_2)
FNDA:4,(anonymous_3)
FNDA:3,(anonymous_4)
FNDA:3,(anonymous_5)
FNDA:3,(anonymous_6)
FNDA:0,(anonymous_7)
FNDA:0,(anonymous_8)
FNDA:0,(anonymous_9)
FNDA:0,(anonymous_10)
FNDA:0,(anonymous_11)
FNDA:0,(anonymous_12)
FNDA:0,(anonymous_13)
FNDA:0,(anonymous_14)
DA:19,1
DA:28,4
DA:30,4
DA:31,4
DA:35,1
DA:47,0
DA:68,1
DA:78,0
DA:80,0
DA:83,0
DA:85,0
DA:103,4
DA:104,4
DA:106,4
DA:108,8
DA:111,8
DA:113,3
DA:119,8
DA:121,3
DA:123,6
DA:125,3
DA:129,8
DA:131,4
DA:137,0
DA:141,0
DA:143,0
DA:144,0
DA:145,0
DA:146,0
DA:150,0
DA:158,0
DA:160,0
DA:165,0
DA:170,0
DA:172,0
DA:177,0
DA:180,0
DA:181,0
DA:188,0
DA:190,0
DA:191,0
DA:197,0
DA:198,0
DA:200,0
DA:201,0
DA:203,0
DA:209,0
DA:210,0
DA:215,0
DA:216,0
DA:218,0
DA:219,0
DA:226,0
DA:227,0
DA:232,0
DA:233,0
DA:238,0
DA:239,0
LF:58
LH:18
BRDA:26,0,0,4
BRDA:111,1,0,2
BRDA:111,1,1,6
BRDA:119,2,0,2
BRDA:119,2,1,6
BRDA:123,3,0,2
BRDA:123,3,1,4
BRDA:125,4,0,3
BRDA:125,4,1,0
BRDA:125,5,0,3
BRDA:125,5,1,0
BRDA:170,6,0,0
BRDA:170,6,1,0
BRDA:188,7,0,0
BRDA:188,7,1,0
BRDA:201,8,0,0
BRDA:201,8,1,0
BRDA:210,9,0,0
BRDA:210,9,1,0
BRDA:219,10,0,0
BRDA:219,10,1,0
BRDA:226,11,0,0
BRDA:226,11,1,0
BRF:23
BRH:9
end_of_record
TN:
SF:tests\mocks\control\index.js
FN:11,(anonymous_0)
FN:12,(anonymous_1)
FNF:2
FNH:1
FNDA:3,(anonymous_0)
FNDA:0,(anonymous_1)
DA:3,2
DA:7,2
DA:10,2
DA:11,3
DA:12,0
DA:14,2
LF:6
LH:5
BRF:0
BRH:0
end_of_record
TN:
SF:tests\mocks\model\constants.js
FNF:0
FNH:0
DA:1,2
DA:2,2
DA:3,2
DA:4,2
LF:4
LH:4
BRF:0
BRH:0
end_of_record
TN:
SF:tests\mocks\view\HandlerLog.js
FN:2,(anonymous_0)
FNF:1
FNH:0
FNDA:0,(anonymous_0)
DA:1,1
LF:1
LH:1
BRF:0
BRH:0
end_of_record
TN:
SF:tests\mocks\view\index.js
FN:2,(anonymous_0)
FNF:1
FNH:1
FNDA:7,(anonymous_0)
LF:0
LH:0
BRF:0
BRH:0
end_of_record
TN:
SF:tests\mocks\view\internal\index.js
FN:2,(anonymous_0)
FN:5,(anonymous_1)
FNF:2
FNH:0
FNDA:0,(anonymous_0)
FNDA:0,(anonymous_1)
DA:5,0
LF:1
LH:0
BRF:0
BRH:0
end_of_record
